[0.470s] DEBUG:colcon:Command line arguments: ['/usr/bin/colcon', 'build', '--packages-select', 'my_service']
[0.470s] DEBUG:colcon:Parsed command line arguments: Namespace(log_base=None, log_level=None, verb_name='build', build_base='build', install_base='install', merge_install=False, symlink_install=False, test_result_base=None, continue_on_error=False, executor='parallel', parallel_workers=12, event_handlers=None, ignore_user_meta=False, metas=['./colcon.meta'], base_paths=['.'], packages_ignore=None, packages_ignore_regex=None, paths=None, packages_up_to=None, packages_up_to_regex=None, packages_above=None, packages_above_and_dependencies=None, packages_above_depth=None, packages_select_by_dep=None, packages_skip_by_dep=None, packages_skip_up_to=None, packages_select_build_failed=False, packages_skip_build_finished=False, packages_select_test_failures=False, packages_skip_test_passed=False, packages_select=['my_service'], packages_skip=None, packages_select_regex=None, packages_skip_regex=None, packages_start=None, packages_end=None, allow_overriding=[], cmake_args=None, cmake_target=None, cmake_target_skip_unavailable=False, cmake_clean_cache=False, cmake_clean_first=False, cmake_force_configure=False, ament_cmake_args=None, catkin_cmake_args=None, catkin_skip_building_tests=False, mixin_files=None, mixin=None, verb_parser=<colcon_mixin.mixin.mixin_argument.MixinArgumentDecorator object at 0x7f1c637a5cf0>, verb_extension=<colcon_core.verb.build.BuildVerb object at 0x7f1c637a5480>, main=<bound method BuildVerb.main of <colcon_core.verb.build.BuildVerb object at 0x7f1c637a5480>>, mixin_verb=('build',))
[0.743s] Level 1:colcon.colcon_core.package_discovery:discover_packages(colcon_meta) check parameters
[0.743s] Level 1:colcon.colcon_core.package_discovery:discover_packages(recursive) check parameters
[0.743s] Level 1:colcon.colcon_core.package_discovery:discover_packages(ignore) check parameters
[0.743s] Level 1:colcon.colcon_core.package_discovery:discover_packages(path) check parameters
[0.743s] Level 1:colcon.colcon_core.package_discovery:discover_packages(colcon_meta) discover
[0.743s] Level 1:colcon.colcon_core.package_discovery:discover_packages(recursive) discover
[0.743s] INFO:colcon.colcon_core.package_discovery:Crawling recursively for packages in '/home/knolan/ros-practice'
[0.743s] Level 1:colcon.colcon_core.package_identification:_identify(.) by extensions ['ignore', 'ignore_ament_install']
[0.743s] Level 1:colcon.colcon_core.package_identification:_identify(.) by extension 'ignore'
[0.743s] Level 1:colcon.colcon_core.package_identification:_identify(.) by extension 'ignore_ament_install'
[0.743s] Level 1:colcon.colcon_core.package_identification:_identify(.) by extensions ['colcon_pkg']
[0.743s] Level 1:colcon.colcon_core.package_identification:_identify(.) by extension 'colcon_pkg'
[0.743s] Level 1:colcon.colcon_core.package_identification:_identify(.) by extensions ['colcon_meta']
[0.743s] Level 1:colcon.colcon_core.package_identification:_identify(.) by extension 'colcon_meta'
[0.743s] Level 1:colcon.colcon_core.package_identification:_identify(.) by extensions ['ros']
[0.743s] Level 1:colcon.colcon_core.package_identification:_identify(.) by extension 'ros'
[0.756s] Level 1:colcon.colcon_core.package_identification:_identify(.) by extensions ['cmake', 'python']
[0.756s] Level 1:colcon.colcon_core.package_identification:_identify(.) by extension 'cmake'
[0.757s] Level 1:colcon.colcon_core.package_identification:_identify(.) by extension 'python'
[0.757s] Level 1:colcon.colcon_core.package_identification:_identify(.) by extensions ['python_setup_py']
[0.757s] Level 1:colcon.colcon_core.package_identification:_identify(.) by extension 'python_setup_py'
[0.757s] Level 1:colcon.colcon_core.package_identification:_identify(build) by extensions ['ignore', 'ignore_ament_install']
[0.757s] Level 1:colcon.colcon_core.package_identification:_identify(build) by extension 'ignore'
[0.757s] Level 1:colcon.colcon_core.package_identification:_identify(build) ignored
[0.757s] Level 1:colcon.colcon_core.package_identification:_identify(install) by extensions ['ignore', 'ignore_ament_install']
[0.757s] Level 1:colcon.colcon_core.package_identification:_identify(install) by extension 'ignore'
[0.757s] Level 1:colcon.colcon_core.package_identification:_identify(install) ignored
[0.757s] Level 1:colcon.colcon_core.package_identification:_identify(log) by extensions ['ignore', 'ignore_ament_install']
[0.757s] Level 1:colcon.colcon_core.package_identification:_identify(log) by extension 'ignore'
[0.757s] Level 1:colcon.colcon_core.package_identification:_identify(log) ignored
[0.757s] Level 1:colcon.colcon_core.package_identification:_identify(src) by extensions ['ignore', 'ignore_ament_install']
[0.758s] Level 1:colcon.colcon_core.package_identification:_identify(src) by extension 'ignore'
[0.758s] Level 1:colcon.colcon_core.package_identification:_identify(src) by extension 'ignore_ament_install'
[0.758s] Level 1:colcon.colcon_core.package_identification:_identify(src) by extensions ['colcon_pkg']
[0.758s] Level 1:colcon.colcon_core.package_identification:_identify(src) by extension 'colcon_pkg'
[0.758s] Level 1:colcon.colcon_core.package_identification:_identify(src) by extensions ['colcon_meta']
[0.758s] Level 1:colcon.colcon_core.package_identification:_identify(src) by extension 'colcon_meta'
[0.758s] Level 1:colcon.colcon_core.package_identification:_identify(src) by extensions ['ros']
[0.758s] Level 1:colcon.colcon_core.package_identification:_identify(src) by extension 'ros'
[0.758s] Level 1:colcon.colcon_core.package_identification:_identify(src) by extensions ['cmake', 'python']
[0.758s] Level 1:colcon.colcon_core.package_identification:_identify(src) by extension 'cmake'
[0.758s] Level 1:colcon.colcon_core.package_identification:_identify(src) by extension 'python'
[0.758s] Level 1:colcon.colcon_core.package_identification:_identify(src) by extensions ['python_setup_py']
[0.758s] Level 1:colcon.colcon_core.package_identification:_identify(src) by extension 'python_setup_py'
[0.758s] Level 1:colcon.colcon_core.package_identification:_identify(src/my_package) by extensions ['ignore', 'ignore_ament_install']
[0.758s] Level 1:colcon.colcon_core.package_identification:_identify(src/my_package) by extension 'ignore'
[0.758s] Level 1:colcon.colcon_core.package_identification:_identify(src/my_package) by extension 'ignore_ament_install'
[0.758s] Level 1:colcon.colcon_core.package_identification:_identify(src/my_package) by extensions ['colcon_pkg']
[0.758s] Level 1:colcon.colcon_core.package_identification:_identify(src/my_package) by extension 'colcon_pkg'
[0.758s] Level 1:colcon.colcon_core.package_identification:_identify(src/my_package) by extensions ['colcon_meta']
[0.758s] Level 1:colcon.colcon_core.package_identification:_identify(src/my_package) by extension 'colcon_meta'
[0.758s] Level 1:colcon.colcon_core.package_identification:_identify(src/my_package) by extensions ['ros']
[0.758s] Level 1:colcon.colcon_core.package_identification:_identify(src/my_package) by extension 'ros'
[0.761s] DEBUG:colcon.colcon_core.package_identification:Package 'src/my_package' with type 'ros.ament_cmake' and name 'my_package'
[0.761s] Level 1:colcon.colcon_core.package_identification:_identify(src/my_service) by extensions ['ignore', 'ignore_ament_install']
[0.761s] Level 1:colcon.colcon_core.package_identification:_identify(src/my_service) by extension 'ignore'
[0.761s] Level 1:colcon.colcon_core.package_identification:_identify(src/my_service) by extension 'ignore_ament_install'
[0.761s] Level 1:colcon.colcon_core.package_identification:_identify(src/my_service) by extensions ['colcon_pkg']
[0.761s] Level 1:colcon.colcon_core.package_identification:_identify(src/my_service) by extension 'colcon_pkg'
[0.762s] Level 1:colcon.colcon_core.package_identification:_identify(src/my_service) by extensions ['colcon_meta']
[0.762s] Level 1:colcon.colcon_core.package_identification:_identify(src/my_service) by extension 'colcon_meta'
[0.762s] Level 1:colcon.colcon_core.package_identification:_identify(src/my_service) by extensions ['ros']
[0.762s] Level 1:colcon.colcon_core.package_identification:_identify(src/my_service) by extension 'ros'
[0.762s] DEBUG:colcon.colcon_core.package_identification:Package 'src/my_service' with type 'ros.ament_cmake' and name 'my_service'
[0.763s] Level 1:colcon.colcon_core.package_identification:_identify(src/ros_tutorials) by extensions ['ignore', 'ignore_ament_install']
[0.763s] Level 1:colcon.colcon_core.package_identification:_identify(src/ros_tutorials) by extension 'ignore'
[0.763s] Level 1:colcon.colcon_core.package_identification:_identify(src/ros_tutorials) by extension 'ignore_ament_install'
[0.763s] Level 1:colcon.colcon_core.package_identification:_identify(src/ros_tutorials) by extensions ['colcon_pkg']
[0.763s] Level 1:colcon.colcon_core.package_identification:_identify(src/ros_tutorials) by extension 'colcon_pkg'
[0.763s] Level 1:colcon.colcon_core.package_identification:_identify(src/ros_tutorials) by extensions ['colcon_meta']
[0.763s] Level 1:colcon.colcon_core.package_identification:_identify(src/ros_tutorials) by extension 'colcon_meta'
[0.763s] Level 1:colcon.colcon_core.package_identification:_identify(src/ros_tutorials) by extensions ['ros']
[0.763s] Level 1:colcon.colcon_core.package_identification:_identify(src/ros_tutorials) by extension 'ros'
[0.763s] Level 1:colcon.colcon_core.package_identification:_identify(src/ros_tutorials) by extensions ['cmake', 'python']
[0.763s] Level 1:colcon.colcon_core.package_identification:_identify(src/ros_tutorials) by extension 'cmake'
[0.763s] Level 1:colcon.colcon_core.package_identification:_identify(src/ros_tutorials) by extension 'python'
[0.763s] Level 1:colcon.colcon_core.package_identification:_identify(src/ros_tutorials) by extensions ['python_setup_py']
[0.763s] Level 1:colcon.colcon_core.package_identification:_identify(src/ros_tutorials) by extension 'python_setup_py'
[0.763s] Level 1:colcon.colcon_core.package_discovery:discover_packages(recursive) using defaults
[0.763s] Level 1:colcon.colcon_core.package_discovery:discover_packages(ignore) discover
[0.763s] Level 1:colcon.colcon_core.package_discovery:discover_packages(ignore) using defaults
[0.763s] Level 1:colcon.colcon_core.package_discovery:discover_packages(path) discover
[0.763s] Level 1:colcon.colcon_core.package_discovery:discover_packages(path) using defaults
[0.803s] INFO:colcon.colcon_core.package_selection:Skipping not selected package 'my_package' in 'src/my_package'
[0.805s] Level 1:colcon.colcon_core.package_discovery:discover_packages(prefix_path) check parameters
[0.805s] Level 1:colcon.colcon_core.package_discovery:discover_packages(prefix_path) discover
[0.809s] WARNING:colcon.colcon_core.prefix_path.colcon:The path '/home/knolan/ros2_ws2/install' in the environment variable COLCON_PREFIX_PATH doesn't exist
[0.809s] WARNING:colcon.colcon_ros.prefix_path.ament:The path '/home/knolan/ros2_ws2/install/turtlesim' in the environment variable AMENT_PREFIX_PATH doesn't exist
[0.809s] WARNING:colcon.colcon_ros.prefix_path.ament:The path '/home/knolan/ros2_ws2/install/my_package' in the environment variable AMENT_PREFIX_PATH doesn't exist
[0.809s] WARNING:colcon.colcon_ros.prefix_path.catkin:The path '/home/knolan/ros2_ws2/install/turtlesim' in the environment variable CMAKE_PREFIX_PATH doesn't exist
[0.809s] WARNING:colcon.colcon_ros.prefix_path.catkin:The path '/home/knolan/ros2_ws2/install/my_package' in the environment variable CMAKE_PREFIX_PATH doesn't exist
[0.811s] DEBUG:colcon.colcon_installed_package_information.package_discovery:Found 3 installed packages in /home/knolan/ros-practice/install
[0.813s] DEBUG:colcon.colcon_installed_package_information.package_discovery:Found 295 installed packages in /opt/ros/humble
[0.814s] Level 1:colcon.colcon_core.package_discovery:discover_packages(prefix_path) using defaults
[0.897s] Level 5:colcon.colcon_core.verb:set package 'my_service' build argument 'cmake_args' from command line to 'None'
[0.897s] Level 5:colcon.colcon_core.verb:set package 'my_service' build argument 'cmake_target' from command line to 'None'
[0.897s] Level 5:colcon.colcon_core.verb:set package 'my_service' build argument 'cmake_target_skip_unavailable' from command line to 'False'
[0.897s] Level 5:colcon.colcon_core.verb:set package 'my_service' build argument 'cmake_clean_cache' from command line to 'False'
[0.897s] Level 5:colcon.colcon_core.verb:set package 'my_service' build argument 'cmake_clean_first' from command line to 'False'
[0.897s] Level 5:colcon.colcon_core.verb:set package 'my_service' build argument 'cmake_force_configure' from command line to 'False'
[0.897s] Level 5:colcon.colcon_core.verb:set package 'my_service' build argument 'ament_cmake_args' from command line to 'None'
[0.897s] Level 5:colcon.colcon_core.verb:set package 'my_service' build argument 'catkin_cmake_args' from command line to 'None'
[0.897s] Level 5:colcon.colcon_core.verb:set package 'my_service' build argument 'catkin_skip_building_tests' from command line to 'False'
[0.897s] DEBUG:colcon.colcon_core.verb:Building package 'my_service' with the following arguments: {'ament_cmake_args': None, 'build_base': '/home/knolan/ros-practice/build/my_service', 'catkin_cmake_args': None, 'catkin_skip_building_tests': False, 'cmake_args': None, 'cmake_clean_cache': False, 'cmake_clean_first': False, 'cmake_force_configure': False, 'cmake_target': None, 'cmake_target_skip_unavailable': False, 'install_base': '/home/knolan/ros-practice/install/my_service', 'merge_install': False, 'path': '/home/knolan/ros-practice/src/my_service', 'symlink_install': False, 'test_result_base': None}
[0.897s] INFO:colcon.colcon_core.executor:Executing jobs using 'parallel' executor
[0.898s] DEBUG:colcon.colcon_parallel_executor.executor.parallel:run_until_complete
[0.898s] INFO:colcon.colcon_ros.task.ament_cmake.build:Building ROS package in '/home/knolan/ros-practice/src/my_service' with build type 'ament_cmake'
[0.899s] INFO:colcon.colcon_cmake.task.cmake.build:Building CMake package in '/home/knolan/ros-practice/src/my_service'
[0.904s] INFO:colcon.colcon_core.plugin_system:Skipping extension 'colcon_core.shell.bat': Not used on non-Windows systems
[0.904s] INFO:colcon.colcon_core.shell:Skip shell extension 'powershell' for command environment: Not usable outside of PowerShell
[0.904s] DEBUG:colcon.colcon_core.shell:Skip shell extension 'dsv' for command environment
[0.911s] DEBUG:colcon.colcon_core.event_handler.log_command:Invoking command in '/home/knolan/ros-practice/build/my_service': CMAKE_PREFIX_PATH=${CMAKE_PREFIX_PATH}:/opt/ros/humble /usr/bin/cmake /home/knolan/ros-practice/src/my_service -DCMAKE_INSTALL_PREFIX=/home/knolan/ros-practice/install/my_service
[18.285s] DEBUG:colcon.colcon_core.event_handler.log_command:Invoked command in '/home/knolan/ros-practice/build/my_service' returned '0': CMAKE_PREFIX_PATH=${CMAKE_PREFIX_PATH}:/opt/ros/humble /usr/bin/cmake /home/knolan/ros-practice/src/my_service -DCMAKE_INSTALL_PREFIX=/home/knolan/ros-practice/install/my_service
[18.285s] DEBUG:colcon.colcon_core.event_handler.log_command:Invoking command in '/home/knolan/ros-practice/build/my_service': CMAKE_PREFIX_PATH=${CMAKE_PREFIX_PATH}:/opt/ros/humble /usr/bin/cmake --build /home/knolan/ros-practice/build/my_service -- -j12 -l12
[21.541s] DEBUG:colcon.colcon_core.event_handler.log_command:Invoked command in '/home/knolan/ros-practice/build/my_service' returned '0': CMAKE_PREFIX_PATH=${CMAKE_PREFIX_PATH}:/opt/ros/humble /usr/bin/cmake --build /home/knolan/ros-practice/build/my_service -- -j12 -l12
[21.549s] DEBUG:colcon.colcon_core.event_handler.log_command:Invoking command in '/home/knolan/ros-practice/build/my_service': CMAKE_PREFIX_PATH=${CMAKE_PREFIX_PATH}:/opt/ros/humble /usr/bin/cmake --install /home/knolan/ros-practice/build/my_service
[21.560s] Level 1:colcon.colcon_core.environment:create_environment_scripts_only(my_service)
[21.560s] DEBUG:colcon.colcon_core.event_handler.log_command:Invoked command in '/home/knolan/ros-practice/build/my_service' returned '0': CMAKE_PREFIX_PATH=${CMAKE_PREFIX_PATH}:/opt/ros/humble /usr/bin/cmake --install /home/knolan/ros-practice/build/my_service
[21.567s] Level 1:colcon.colcon_core.environment:checking '/home/knolan/ros-practice/install/my_service' for CMake module files
[21.568s] Level 1:colcon.colcon_core.environment:checking '/home/knolan/ros-practice/install/my_service' for CMake config files
[21.568s] Level 1:colcon.colcon_core.shell:create_environment_hook('my_service', 'cmake_prefix_path')
[21.568s] INFO:colcon.colcon_core.shell:Creating environment hook '/home/knolan/ros-practice/install/my_service/share/my_service/hook/cmake_prefix_path.ps1'
[21.570s] INFO:colcon.colcon_core.shell:Creating environment descriptor '/home/knolan/ros-practice/install/my_service/share/my_service/hook/cmake_prefix_path.dsv'
[21.570s] INFO:colcon.colcon_core.shell:Creating environment hook '/home/knolan/ros-practice/install/my_service/share/my_service/hook/cmake_prefix_path.sh'
[21.571s] Level 1:colcon.colcon_core.environment:checking '/home/knolan/ros-practice/install/my_service/lib'
[21.571s] Level 1:colcon.colcon_core.environment:checking '/home/knolan/ros-practice/install/my_service/bin'
[21.571s] Level 1:colcon.colcon_core.environment:checking '/home/knolan/ros-practice/install/my_service/lib/pkgconfig/my_service.pc'
[21.572s] Level 1:colcon.colcon_core.environment:checking '/home/knolan/ros-practice/install/my_service/lib/python3.10/site-packages'
[21.572s] Level 1:colcon.colcon_core.environment:checking '/home/knolan/ros-practice/install/my_service/bin'
[21.572s] INFO:colcon.colcon_core.shell:Creating package script '/home/knolan/ros-practice/install/my_service/share/my_service/package.ps1'
[21.573s] INFO:colcon.colcon_core.shell:Creating package descriptor '/home/knolan/ros-practice/install/my_service/share/my_service/package.dsv'
[21.573s] INFO:colcon.colcon_core.shell:Creating package script '/home/knolan/ros-practice/install/my_service/share/my_service/package.sh'
[21.574s] INFO:colcon.colcon_core.shell:Creating package script '/home/knolan/ros-practice/install/my_service/share/my_service/package.bash'
[21.575s] INFO:colcon.colcon_core.shell:Creating package script '/home/knolan/ros-practice/install/my_service/share/my_service/package.zsh'
[21.575s] Level 1:colcon.colcon_core.environment:create_file_with_runtime_dependencies(/home/knolan/ros-practice/install/my_service/share/colcon-core/packages/my_service)
[21.576s] Level 1:colcon.colcon_core.environment:create_environment_scripts_only(my_service)
[21.576s] Level 1:colcon.colcon_core.environment:checking '/home/knolan/ros-practice/install/my_service' for CMake module files
[21.576s] Level 1:colcon.colcon_core.environment:checking '/home/knolan/ros-practice/install/my_service' for CMake config files
[21.576s] Level 1:colcon.colcon_core.shell:create_environment_hook('my_service', 'cmake_prefix_path')
[21.576s] INFO:colcon.colcon_core.shell:Creating environment hook '/home/knolan/ros-practice/install/my_service/share/my_service/hook/cmake_prefix_path.ps1'
[21.577s] INFO:colcon.colcon_core.shell:Creating environment descriptor '/home/knolan/ros-practice/install/my_service/share/my_service/hook/cmake_prefix_path.dsv'
[21.577s] INFO:colcon.colcon_core.shell:Creating environment hook '/home/knolan/ros-practice/install/my_service/share/my_service/hook/cmake_prefix_path.sh'
[21.577s] Level 1:colcon.colcon_core.environment:checking '/home/knolan/ros-practice/install/my_service/lib'
[21.577s] Level 1:colcon.colcon_core.environment:checking '/home/knolan/ros-practice/install/my_service/bin'
[21.577s] Level 1:colcon.colcon_core.environment:checking '/home/knolan/ros-practice/install/my_service/lib/pkgconfig/my_service.pc'
[21.577s] Level 1:colcon.colcon_core.environment:checking '/home/knolan/ros-practice/install/my_service/lib/python3.10/site-packages'
[21.578s] Level 1:colcon.colcon_core.environment:checking '/home/knolan/ros-practice/install/my_service/bin'
[21.578s] INFO:colcon.colcon_core.shell:Creating package script '/home/knolan/ros-practice/install/my_service/share/my_service/package.ps1'
[21.578s] INFO:colcon.colcon_core.shell:Creating package descriptor '/home/knolan/ros-practice/install/my_service/share/my_service/package.dsv'
[21.578s] INFO:colcon.colcon_core.shell:Creating package script '/home/knolan/ros-practice/install/my_service/share/my_service/package.sh'
[21.579s] INFO:colcon.colcon_core.shell:Creating package script '/home/knolan/ros-practice/install/my_service/share/my_service/package.bash'
[21.579s] INFO:colcon.colcon_core.shell:Creating package script '/home/knolan/ros-practice/install/my_service/share/my_service/package.zsh'
[21.579s] Level 1:colcon.colcon_core.environment:create_file_with_runtime_dependencies(/home/knolan/ros-practice/install/my_service/share/colcon-core/packages/my_service)
[21.580s] DEBUG:colcon.colcon_parallel_executor.executor.parallel:closing loop
[21.580s] DEBUG:colcon.colcon_parallel_executor.executor.parallel:loop closed
[21.580s] DEBUG:colcon.colcon_parallel_executor.executor.parallel:run_until_complete finished with '0'
[21.581s] DEBUG:colcon.colcon_core.event_reactor:joining thread
[21.709s] INFO:colcon.colcon_core.plugin_system:Skipping extension 'colcon_notification.desktop_notification.notify_send': Could not find 'notify-send'
[21.709s] INFO:colcon.colcon_core.plugin_system:Skipping extension 'colcon_notification.desktop_notification.terminal_notifier': Not used on non-Darwin systems
[21.709s] INFO:colcon.colcon_core.plugin_system:Skipping extension 'colcon_notification.desktop_notification.win32': Not used on non-Windows systems
[21.709s] INFO:colcon.colcon_notification.desktop_notification:Sending desktop notification using 'notify2'
[21.710s] DEBUG:colcon.colcon_notification.desktop_notification.notify2:Failed to initialize notify2: org.freedesktop.DBus.Error.FileNotFound: Failed to connect to socket /run/user/1000/bus: No such file or directory
[21.710s] DEBUG:colcon.colcon_core.event_reactor:joined thread
[21.710s] INFO:colcon.colcon_core.shell:Creating prefix script '/home/knolan/ros-practice/install/local_setup.ps1'
[21.714s] INFO:colcon.colcon_core.shell:Creating prefix util module '/home/knolan/ros-practice/install/_local_setup_util_ps1.py'
[21.716s] INFO:colcon.colcon_core.shell:Creating prefix chain script '/home/knolan/ros-practice/install/setup.ps1'
[21.718s] INFO:colcon.colcon_core.shell:Creating prefix script '/home/knolan/ros-practice/install/local_setup.sh'
[21.720s] INFO:colcon.colcon_core.shell:Creating prefix util module '/home/knolan/ros-practice/install/_local_setup_util_sh.py'
[21.720s] INFO:colcon.colcon_core.shell:Creating prefix chain script '/home/knolan/ros-practice/install/setup.sh'
[21.722s] INFO:colcon.colcon_core.shell:Creating prefix script '/home/knolan/ros-practice/install/local_setup.bash'
[21.722s] INFO:colcon.colcon_core.shell:Creating prefix chain script '/home/knolan/ros-practice/install/setup.bash'
[21.724s] INFO:colcon.colcon_core.shell:Creating prefix script '/home/knolan/ros-practice/install/local_setup.zsh'
[21.724s] INFO:colcon.colcon_core.shell:Creating prefix chain script '/home/knolan/ros-practice/install/setup.zsh'
