[0.015s] Invoking command in '/home/knolan/ros-practice/build/my_service': CMAKE_PREFIX_PATH=${CMAKE_PREFIX_PATH}:/opt/ros/humble /usr/bin/cmake /home/knolan/ros-practice/src/my_service -DCMAKE_INSTALL_PREFIX=/home/knolan/ros-practice/install/my_service
[0.611s] -- The C compiler identification is GNU 11.4.0
[2.412s] -- The CXX compiler identification is GNU 11.4.0
[3.829s] -- Detecting C compiler ABI info
[4.216s] -- Detecting C compiler ABI info - done
[4.220s] -- Check for working C compiler: /usr/bin/cc - skipped
[4.220s] -- Detecting C compile features
[4.221s] -- Detecting C compile features - done
[4.225s] -- Detecting CXX compiler ABI info
[4.544s] -- Detecting CXX compiler ABI info - done
[4.549s] -- Check for working CXX compiler: /usr/bin/c++ - skipped
[4.549s] -- Detecting CXX compile features
[4.549s] -- Detecting CXX compile features - done
[4.558s] -- Found ament_cmake: 1.3.11 (/opt/ros/humble/share/ament_cmake/cmake)
[4.665s] -- Found Python3: /usr/bin/python3 (found version "3.10.12") found components: Interpreter 
[4.759s] -- Found rclcpp: 16.0.11 (/opt/ros/humble/share/rclcpp/cmake)
[5.255s] -- Found rosidl_generator_c: 3.1.6 (/opt/ros/humble/share/rosidl_generator_c/cmake)
[5.259s] -- Found rosidl_adapter: 3.1.6 (/opt/ros/humble/share/rosidl_adapter/cmake)
[5.267s] -- Found rosidl_generator_cpp: 3.1.6 (/opt/ros/humble/share/rosidl_generator_cpp/cmake)
[5.283s] -- Using all available rosidl_typesupport_c: rosidl_typesupport_fastrtps_c;rosidl_typesupport_introspection_c
[5.299s] -- Using all available rosidl_typesupport_cpp: rosidl_typesupport_fastrtps_cpp;rosidl_typesupport_introspection_cpp
[5.353s] -- Found rmw_implementation_cmake: 6.1.2 (/opt/ros/humble/share/rmw_implementation_cmake/cmake)
[5.357s] -- Found rmw_fastrtps_cpp: 6.2.7 (/opt/ros/humble/share/rmw_fastrtps_cpp/cmake)
[10.596s] -- Found OpenSSL: /usr/lib/x86_64-linux-gnu/libcrypto.so (found version "3.0.2")  
[16.625s] -- Found FastRTPS: /opt/ros/humble/include  
[26.620s] -- Using RMW implementation 'rmw_fastrtps_cpp' as default
[26.641s] -- Looking for pthread.h
[27.009s] -- Looking for pthread.h - found
[27.010s] -- Performing Test CMAKE_HAVE_LIBC_PTHREAD
[27.357s] -- Performing Test CMAKE_HAVE_LIBC_PTHREAD - Success
[27.358s] -- Found Threads: TRUE  
[27.423s] -- Found example_interfaces: 0.9.3 (/opt/ros/humble/share/example_interfaces/cmake)
[27.475s] -- Found ament_lint_auto: 0.12.11 (/opt/ros/humble/share/ament_lint_auto/cmake)
[27.539s] -- Added test 'cppcheck' to perform static code analysis on C / C++ code
[27.539s] -- Configured cppcheck include dirs: 
[27.539s] -- Configured cppcheck exclude dirs and/or files: 
[27.540s] -- Added test 'lint_cmake' to check CMake code style
[27.541s] -- Added test 'uncrustify' to check C / C++ code style
[27.541s] -- Configured uncrustify additional arguments: 
[27.542s] -- Added test 'xmllint' to check XML markup files
[27.543s] -- Configuring done
[27.545s] [31mCMake Error at CMakeLists.txt:13 (add_executable):
[27.545s]   Cannot find source file:
[27.545s] 
[27.545s]     src/add_server.cpp
[27.545s] 
[27.545s]   Tried extensions .c .C .c++ .cc .cpp .cxx .cu .mpp .m .M .mm .ixx .cppm .h
[27.545s]   .hh .h++ .hm .hpp .hxx .in .txx .f .F .for .f77 .f90 .f95 .f03 .hip .ispc
[27.545s] 
[27.545s] [0m
[27.545s] [31mCMake Error at CMakeLists.txt:13 (add_executable):
[27.546s]   No SOURCES given to target: server
[27.546s] 
[27.546s] [0m
[27.546s] [0mCMake Generate step failed.  Build files cannot be regenerated correctly.[0m
[27.554s] Invoked command in '/home/knolan/ros-practice/build/my_service' returned '1': CMAKE_PREFIX_PATH=${CMAKE_PREFIX_PATH}:/opt/ros/humble /usr/bin/cmake /home/knolan/ros-practice/src/my_service -DCMAKE_INSTALL_PREFIX=/home/knolan/ros-practice/install/my_service
