[0.014s] Invoking command in '/home/knolan/ros2_ws2/build/my_package': CMAKE_PREFIX_PATH=${CMAKE_PREFIX_PATH}:/opt/ros/humble /usr/bin/cmake --build /home/knolan/ros2_ws2/build/my_package -- -j12 -l12
[0.102s] -- Found ament_cmake: 1.3.11 (/opt/ros/humble/share/ament_cmake/cmake)
[0.229s] -- Found rclcpp: 16.0.11 (/opt/ros/humble/share/rclcpp/cmake)
[0.695s] -- Found rosidl_generator_c: 3.1.6 (/opt/ros/humble/share/rosidl_generator_c/cmake)
[0.700s] -- Found rosidl_adapter: 3.1.6 (/opt/ros/humble/share/rosidl_adapter/cmake)
[0.710s] -- Found rosidl_generator_cpp: 3.1.6 (/opt/ros/humble/share/rosidl_generator_cpp/cmake)
[0.724s] -- Using all available rosidl_typesupport_c: rosidl_typesupport_fastrtps_c;rosidl_typesupport_introspection_c
[0.740s] -- Using all available rosidl_typesupport_cpp: rosidl_typesupport_fastrtps_cpp;rosidl_typesupport_introspection_cpp
[0.798s] -- Found rmw_implementation_cmake: 6.1.2 (/opt/ros/humble/share/rmw_implementation_cmake/cmake)
[0.802s] -- Found rmw_fastrtps_cpp: 6.2.7 (/opt/ros/humble/share/rmw_fastrtps_cpp/cmake)
[5.191s] -- Found OpenSSL: /usr/lib/x86_64-linux-gnu/libcrypto.so (found version "3.0.2")  
[10.110s] -- Found FastRTPS: /opt/ros/humble/include  
[19.098s] -- Using RMW implementation 'rmw_fastrtps_cpp' as default
[19.113s] -- Looking for pthread.h
[19.545s] -- Looking for pthread.h - found
[19.546s] -- Performing Test CMAKE_HAVE_LIBC_PTHREAD
[19.867s] -- Performing Test CMAKE_HAVE_LIBC_PTHREAD - Success
[19.868s] -- Found Threads: TRUE  
[19.921s] [31mCMake Error at CMakeLists.txt:14 (install):
[19.921s]   install TARGETS given target "talker" which does not exist.
[19.921s] 
[19.922s] [0m
[19.923s] -- Found ament_lint_auto: 0.12.11 (/opt/ros/humble/share/ament_lint_auto/cmake)
[19.979s] -- Added test 'cppcheck' to perform static code analysis on C / C++ code
[19.979s] -- Configured cppcheck include dirs: $<BUILD_INTERFACE:/home/knolan/ros2_ws2/src/my_package/include>
[19.979s] -- Configured cppcheck exclude dirs and/or files: 
[19.980s] -- Added test 'lint_cmake' to check CMake code style
[19.981s] -- Added test 'uncrustify' to check C / C++ code style
[19.981s] -- Configured uncrustify additional arguments: 
[19.981s] -- Added test 'xmllint' to check XML markup files
[19.983s] -- Configuring incomplete, errors occurred!
[19.984s] See also "/home/knolan/ros2_ws2/build/my_package/CMakeFiles/CMakeOutput.log".
[19.988s] gmake: *** [Makefile:267: cmake_check_build_system] Error 1
[19.990s] Invoked command in '/home/knolan/ros2_ws2/build/my_package' returned '2': CMAKE_PREFIX_PATH=${CMAKE_PREFIX_PATH}:/opt/ros/humble /usr/bin/cmake --build /home/knolan/ros2_ws2/build/my_package -- -j12 -l12
