[0.012s] Invoking command in '/home/knolan/ros2_ws2/build/my_package': CMAKE_PREFIX_PATH=${CMAKE_PREFIX_PATH}:/opt/ros/humble /usr/bin/cmake --build /home/knolan/ros2_ws2/build/my_package -- -j12 -l12
[0.025s] -- Found ament_cmake: 1.3.11 (/opt/ros/humble/share/ament_cmake/cmake)
[0.108s] -- Found rclcpp: 16.0.11 (/opt/ros/humble/share/rclcpp/cmake)
[0.549s] -- Found rosidl_generator_c: 3.1.6 (/opt/ros/humble/share/rosidl_generator_c/cmake)
[0.550s] -- Found rosidl_adapter: 3.1.6 (/opt/ros/humble/share/rosidl_adapter/cmake)
[0.554s] -- Found rosidl_generator_cpp: 3.1.6 (/opt/ros/humble/share/rosidl_generator_cpp/cmake)
[0.560s] -- Using all available rosidl_typesupport_c: rosidl_typesupport_fastrtps_c;rosidl_typesupport_introspection_c
[0.568s] -- Using all available rosidl_typesupport_cpp: rosidl_typesupport_fastrtps_cpp;rosidl_typesupport_introspection_cpp
[0.587s] -- Found rmw_implementation_cmake: 6.1.2 (/opt/ros/humble/share/rmw_implementation_cmake/cmake)
[0.588s] -- Found rmw_fastrtps_cpp: 6.2.7 (/opt/ros/humble/share/rmw_fastrtps_cpp/cmake)
[18.685s] -- Using RMW implementation 'rmw_fastrtps_cpp' as default
[18.718s] -- Found ament_lint_auto: 0.12.11 (/opt/ros/humble/share/ament_lint_auto/cmake)
[18.758s] -- Added test 'cppcheck' to perform static code analysis on C / C++ code
[18.758s] -- Configured cppcheck include dirs: $<BUILD_INTERFACE:/home/knolan/ros2_ws2/src/my_package/include>
[18.759s] -- Configured cppcheck exclude dirs and/or files: 
[18.759s] -- Added test 'lint_cmake' to check CMake code style
[18.760s] -- Added test 'uncrustify' to check C / C++ code style
[18.760s] -- Configured uncrustify additional arguments: 
[18.760s] -- Added test 'xmllint' to check XML markup files
[18.760s] -- Configuring done
[18.773s] -- Generating done
[18.777s] -- Build files have been written to: /home/knolan/ros2_ws2/build/my_package
[18.794s] [35m[1mConsolidate compiler generated dependencies of target my_node[0m
[18.799s] [ 25%] [32mBuilding CXX object CMakeFiles/talker.dir/src/pub.cpp.o[0m
[18.800s] [ 75%] Built target my_node
[21.904s] [100%] [32m[1mLinking CXX executable talker[0m
[22.348s] [100%] Built target talker
[22.355s] Invoked command in '/home/knolan/ros2_ws2/build/my_package' returned '0': CMAKE_PREFIX_PATH=${CMAKE_PREFIX_PATH}:/opt/ros/humble /usr/bin/cmake --build /home/knolan/ros2_ws2/build/my_package -- -j12 -l12
[22.362s] Invoking command in '/home/knolan/ros2_ws2/build/my_package': CMAKE_PREFIX_PATH=${CMAKE_PREFIX_PATH}:/opt/ros/humble /usr/bin/cmake --install /home/knolan/ros2_ws2/build/my_package
[22.366s] -- Install configuration: ""
[22.366s] -- Installing: /home/knolan/ros2_ws2/install/my_package/lib/my_package/talker
[22.367s] -- Set runtime path of "/home/knolan/ros2_ws2/install/my_package/lib/my_package/talker" to ""
[22.368s] -- Up-to-date: /home/knolan/ros2_ws2/install/my_package/lib/my_package/my_node
[22.368s] -- Installing: /home/knolan/ros2_ws2/install/my_package/share/ament_index/resource_index/package_run_dependencies/my_package
[22.368s] -- Installing: /home/knolan/ros2_ws2/install/my_package/share/ament_index/resource_index/parent_prefix_path/my_package
[22.369s] -- Up-to-date: /home/knolan/ros2_ws2/install/my_package/share/my_package/environment/ament_prefix_path.sh
[22.369s] -- Installing: /home/knolan/ros2_ws2/install/my_package/share/my_package/environment/ament_prefix_path.dsv
[22.369s] -- Up-to-date: /home/knolan/ros2_ws2/install/my_package/share/my_package/environment/path.sh
[22.369s] -- Installing: /home/knolan/ros2_ws2/install/my_package/share/my_package/environment/path.dsv
[22.369s] -- Up-to-date: /home/knolan/ros2_ws2/install/my_package/share/my_package/local_setup.bash
[22.369s] -- Up-to-date: /home/knolan/ros2_ws2/install/my_package/share/my_package/local_setup.sh
[22.370s] -- Up-to-date: /home/knolan/ros2_ws2/install/my_package/share/my_package/local_setup.zsh
[22.370s] -- Installing: /home/knolan/ros2_ws2/install/my_package/share/my_package/local_setup.dsv
[22.370s] -- Installing: /home/knolan/ros2_ws2/install/my_package/share/my_package/package.dsv
[22.370s] -- Up-to-date: /home/knolan/ros2_ws2/install/my_package/share/ament_index/resource_index/packages/my_package
[22.370s] -- Up-to-date: /home/knolan/ros2_ws2/install/my_package/share/my_package/cmake/my_packageConfig.cmake
[22.370s] -- Up-to-date: /home/knolan/ros2_ws2/install/my_package/share/my_package/cmake/my_packageConfig-version.cmake
[22.370s] -- Installing: /home/knolan/ros2_ws2/install/my_package/share/my_package/package.xml
[22.371s] Invoked command in '/home/knolan/ros2_ws2/build/my_package' returned '0': CMAKE_PREFIX_PATH=${CMAKE_PREFIX_PATH}:/opt/ros/humble /usr/bin/cmake --install /home/knolan/ros2_ws2/build/my_package
