-- Found ament_cmake: 1.3.11 (/opt/ros/humble/share/ament_cmake/cmake)
-- Found rclcpp: 16.0.11 (/opt/ros/humble/share/rclcpp/cmake)
-- Found rosidl_generator_c: 3.1.6 (/opt/ros/humble/share/rosidl_generator_c/cmake)
-- Found rosidl_adapter: 3.1.6 (/opt/ros/humble/share/rosidl_adapter/cmake)
-- Found rosidl_generator_cpp: 3.1.6 (/opt/ros/humble/share/rosidl_generator_cpp/cmake)
-- Using all available rosidl_typesupport_c: rosidl_typesupport_fastrtps_c;rosidl_typesupport_introspection_c
-- Using all available rosidl_typesupport_cpp: rosidl_typesupport_fastrtps_cpp;rosidl_typesupport_introspection_cpp
-- Found rmw_implementation_cmake: 6.1.2 (/opt/ros/humble/share/rmw_implementation_cmake/cmake)
-- Found rmw_fastrtps_cpp: 6.2.7 (/opt/ros/humble/share/rmw_fastrtps_cpp/cmake)
-- Using RMW implementation 'rmw_fastrtps_cpp' as default
-- Found ament_lint_auto: 0.12.11 (/opt/ros/humble/share/ament_lint_auto/cmake)
-- Added test 'cppcheck' to perform static code analysis on C / C++ code
-- Configured cppcheck include dirs: $<BUILD_INTERFACE:/home/knolan/ros2_ws2/src/my_package/include>
-- Configured cppcheck exclude dirs and/or files: 
-- Added test 'lint_cmake' to check CMake code style
-- Added test 'uncrustify' to check C / C++ code style
-- Configured uncrustify additional arguments: 
-- Added test 'xmllint' to check XML markup files
-- Configuring done
-- Generating done
-- Build files have been written to: /home/knolan/ros2_ws2/build/my_package
[35m[1mConsolidate compiler generated dependencies of target talker[0m
[35m[1mConsolidate compiler generated dependencies of target my_node[0m
[ 16%] [32mBuilding CXX object CMakeFiles/listener.dir/src/sub.cpp.o[0m
[ 50%] Built target my_node
[ 83%] Built target talker
[100%] [32m[1mLinking CXX executable listener[0m
[100%] Built target listener
-- Install configuration: ""
-- Up-to-date: /home/knolan/ros2_ws2/install/my_package/lib/my_package/talker
-- Up-to-date: /home/knolan/ros2_ws2/install/my_package/lib/my_package/talker
-- Installing: /home/knolan/ros2_ws2/install/my_package/lib/my_package/listener
-- Set runtime path of "/home/knolan/ros2_ws2/install/my_package/lib/my_package/listener" to ""
-- Up-to-date: /home/knolan/ros2_ws2/install/my_package/lib/my_package/my_node
-- Up-to-date: /home/knolan/ros2_ws2/install/my_package/share/ament_index/resource_index/package_run_dependencies/my_package
-- Up-to-date: /home/knolan/ros2_ws2/install/my_package/share/ament_index/resource_index/parent_prefix_path/my_package
-- Up-to-date: /home/knolan/ros2_ws2/install/my_package/share/my_package/environment/ament_prefix_path.sh
-- Installing: /home/knolan/ros2_ws2/install/my_package/share/my_package/environment/ament_prefix_path.dsv
-- Up-to-date: /home/knolan/ros2_ws2/install/my_package/share/my_package/environment/path.sh
-- Installing: /home/knolan/ros2_ws2/install/my_package/share/my_package/environment/path.dsv
-- Up-to-date: /home/knolan/ros2_ws2/install/my_package/share/my_package/local_setup.bash
-- Up-to-date: /home/knolan/ros2_ws2/install/my_package/share/my_package/local_setup.sh
-- Up-to-date: /home/knolan/ros2_ws2/install/my_package/share/my_package/local_setup.zsh
-- Installing: /home/knolan/ros2_ws2/install/my_package/share/my_package/local_setup.dsv
-- Installing: /home/knolan/ros2_ws2/install/my_package/share/my_package/package.dsv
-- Up-to-date: /home/knolan/ros2_ws2/install/my_package/share/ament_index/resource_index/packages/my_package
-- Up-to-date: /home/knolan/ros2_ws2/install/my_package/share/my_package/cmake/my_packageConfig.cmake
-- Up-to-date: /home/knolan/ros2_ws2/install/my_package/share/my_package/cmake/my_packageConfig-version.cmake
-- Up-to-date: /home/knolan/ros2_ws2/install/my_package/share/my_package/package.xml
