-- Found ament_cmake: 1.3.11 (/opt/ros/humble/share/ament_cmake/cmake)
-- Found rclcpp: 16.0.11 (/opt/ros/humble/share/rclcpp/cmake)
-- Found rosidl_generator_c: 3.1.6 (/opt/ros/humble/share/rosidl_generator_c/cmake)
-- Found rosidl_adapter: 3.1.6 (/opt/ros/humble/share/rosidl_adapter/cmake)
-- Found rosidl_generator_cpp: 3.1.6 (/opt/ros/humble/share/rosidl_generator_cpp/cmake)
-- Using all available rosidl_typesupport_c: rosidl_typesupport_fastrtps_c;rosidl_typesupport_introspection_c
-- Using all available rosidl_typesupport_cpp: rosidl_typesupport_fastrtps_cpp;rosidl_typesupport_introspection_cpp
-- Found rmw_implementation_cmake: 6.1.2 (/opt/ros/humble/share/rmw_implementation_cmake/cmake)
-- Found rmw_fastrtps_cpp: 6.2.7 (/opt/ros/humble/share/rmw_fastrtps_cpp/cmake)
-- Using RMW implementation 'rmw_fastrtps_cpp' as default
-- Found example_interfaces: 0.9.3 (/opt/ros/humble/share/example_interfaces/cmake)
-- Configuring done
-- Generating done
-- Build files have been written to: /home/knolan/ros-practice/build/my_service
[ 25%] [32mBuilding CXX object CMakeFiles/server.dir/src/add-server.cpp.o[0m
[ 50%] [32mBuilding CXX object CMakeFiles/client.dir/src/add-client.cpp.o[0m
[ 75%] [32m[1mLinking CXX executable server[0m
[100%] [32m[1mLinking CXX executable client[0m
[100%] Built target server
[100%] Built target client
-- Install configuration: ""
-- Installing: /home/knolan/ros-practice/install/my_service/lib/my_service/server
-- Set runtime path of "/home/knolan/ros-practice/install/my_service/lib/my_service/server" to ""
-- Installing: /home/knolan/ros-practice/install/my_service/lib/my_service/client
-- Set runtime path of "/home/knolan/ros-practice/install/my_service/lib/my_service/client" to ""
-- Installing: /home/knolan/ros-practice/install/my_service/share/ament_index/resource_index/package_run_dependencies/my_service
-- Installing: /home/knolan/ros-practice/install/my_service/share/ament_index/resource_index/parent_prefix_path/my_service
-- Installing: /home/knolan/ros-practice/install/my_service/share/my_service/environment/ament_prefix_path.sh
-- Installing: /home/knolan/ros-practice/install/my_service/share/my_service/environment/ament_prefix_path.dsv
-- Installing: /home/knolan/ros-practice/install/my_service/share/my_service/environment/path.sh
-- Installing: /home/knolan/ros-practice/install/my_service/share/my_service/environment/path.dsv
-- Installing: /home/knolan/ros-practice/install/my_service/share/my_service/local_setup.bash
-- Installing: /home/knolan/ros-practice/install/my_service/share/my_service/local_setup.sh
-- Installing: /home/knolan/ros-practice/install/my_service/share/my_service/local_setup.zsh
-- Installing: /home/knolan/ros-practice/install/my_service/share/my_service/local_setup.dsv
-- Installing: /home/knolan/ros-practice/install/my_service/share/my_service/package.dsv
-- Installing: /home/knolan/ros-practice/install/my_service/share/ament_index/resource_index/packages/my_service
-- Installing: /home/knolan/ros-practice/install/my_service/share/my_service/cmake/my_serviceConfig.cmake
-- Installing: /home/knolan/ros-practice/install/my_service/share/my_service/cmake/my_serviceConfig-version.cmake
-- Installing: /home/knolan/ros-practice/install/my_service/share/my_service/package.xml
