[0.013s] Invoking command in '/home/knolan/ros-practice/build/my_service': CMAKE_PREFIX_PATH=${CMAKE_PREFIX_PATH}:/opt/ros/humble /usr/bin/cmake /home/knolan/ros-practice/src/my_service -DCMAKE_INSTALL_PREFIX=/home/knolan/ros-practice/install/my_service
[0.090s] -- Found ament_cmake: 1.3.11 (/opt/ros/humble/share/ament_cmake/cmake)
[0.215s] -- Found rclcpp: 16.0.11 (/opt/ros/humble/share/rclcpp/cmake)
[0.680s] -- Found rosidl_generator_c: 3.1.6 (/opt/ros/humble/share/rosidl_generator_c/cmake)
[0.684s] -- Found rosidl_adapter: 3.1.6 (/opt/ros/humble/share/rosidl_adapter/cmake)
[0.693s] -- Found rosidl_generator_cpp: 3.1.6 (/opt/ros/humble/share/rosidl_generator_cpp/cmake)
[0.706s] -- Using all available rosidl_typesupport_c: rosidl_typesupport_fastrtps_c;rosidl_typesupport_introspection_c
[0.721s] -- Using all available rosidl_typesupport_cpp: rosidl_typesupport_fastrtps_cpp;rosidl_typesupport_introspection_cpp
[0.763s] -- Found rmw_implementation_cmake: 6.1.2 (/opt/ros/humble/share/rmw_implementation_cmake/cmake)
[0.766s] -- Found rmw_fastrtps_cpp: 6.2.7 (/opt/ros/humble/share/rmw_fastrtps_cpp/cmake)
[17.202s] -- Using RMW implementation 'rmw_fastrtps_cpp' as default
[17.266s] -- Found example_interfaces: 0.9.3 (/opt/ros/humble/share/example_interfaces/cmake)
[17.357s] -- Configuring done
[17.370s] -- Generating done
[17.373s] -- Build files have been written to: /home/knolan/ros-practice/build/my_service
[17.385s] Invoked command in '/home/knolan/ros-practice/build/my_service' returned '0': CMAKE_PREFIX_PATH=${CMAKE_PREFIX_PATH}:/opt/ros/humble /usr/bin/cmake /home/knolan/ros-practice/src/my_service -DCMAKE_INSTALL_PREFIX=/home/knolan/ros-practice/install/my_service
[17.387s] Invoking command in '/home/knolan/ros-practice/build/my_service': CMAKE_PREFIX_PATH=${CMAKE_PREFIX_PATH}:/opt/ros/humble /usr/bin/cmake --build /home/knolan/ros-practice/build/my_service -- -j12 -l12
[17.418s] [ 25%] [32mBuilding CXX object CMakeFiles/server.dir/src/add-server.cpp.o[0m
[17.418s] [ 50%] [32mBuilding CXX object CMakeFiles/client.dir/src/add-client.cpp.o[0m
[20.211s] [ 75%] [32m[1mLinking CXX executable server[0m
[20.232s] [100%] [32m[1mLinking CXX executable client[0m
[20.623s] [100%] Built target server
[20.632s] [100%] Built target client
[20.642s] Invoked command in '/home/knolan/ros-practice/build/my_service' returned '0': CMAKE_PREFIX_PATH=${CMAKE_PREFIX_PATH}:/opt/ros/humble /usr/bin/cmake --build /home/knolan/ros-practice/build/my_service -- -j12 -l12
[20.650s] Invoking command in '/home/knolan/ros-practice/build/my_service': CMAKE_PREFIX_PATH=${CMAKE_PREFIX_PATH}:/opt/ros/humble /usr/bin/cmake --install /home/knolan/ros-practice/build/my_service
[20.654s] -- Install configuration: ""
[20.654s] -- Installing: /home/knolan/ros-practice/install/my_service/lib/my_service/server
[20.655s] -- Set runtime path of "/home/knolan/ros-practice/install/my_service/lib/my_service/server" to ""
[20.655s] -- Installing: /home/knolan/ros-practice/install/my_service/lib/my_service/client
[20.656s] -- Set runtime path of "/home/knolan/ros-practice/install/my_service/lib/my_service/client" to ""
[20.657s] -- Installing: /home/knolan/ros-practice/install/my_service/share/ament_index/resource_index/package_run_dependencies/my_service
[20.658s] -- Installing: /home/knolan/ros-practice/install/my_service/share/ament_index/resource_index/parent_prefix_path/my_service
[20.658s] -- Installing: /home/knolan/ros-practice/install/my_service/share/my_service/environment/ament_prefix_path.sh
[20.658s] -- Installing: /home/knolan/ros-practice/install/my_service/share/my_service/environment/ament_prefix_path.dsv
[20.659s] -- Installing: /home/knolan/ros-practice/install/my_service/share/my_service/environment/path.sh
[20.659s] -- Installing: /home/knolan/ros-practice/install/my_service/share/my_service/environment/path.dsv
[20.659s] -- Installing: /home/knolan/ros-practice/install/my_service/share/my_service/local_setup.bash
[20.659s] -- Installing: /home/knolan/ros-practice/install/my_service/share/my_service/local_setup.sh
[20.659s] -- Installing: /home/knolan/ros-practice/install/my_service/share/my_service/local_setup.zsh
[20.659s] -- Installing: /home/knolan/ros-practice/install/my_service/share/my_service/local_setup.dsv
[20.659s] -- Installing: /home/knolan/ros-practice/install/my_service/share/my_service/package.dsv
[20.660s] -- Installing: /home/knolan/ros-practice/install/my_service/share/ament_index/resource_index/packages/my_service
[20.660s] -- Installing: /home/knolan/ros-practice/install/my_service/share/my_service/cmake/my_serviceConfig.cmake
[20.660s] -- Installing: /home/knolan/ros-practice/install/my_service/share/my_service/cmake/my_serviceConfig-version.cmake
[20.660s] -- Installing: /home/knolan/ros-practice/install/my_service/share/my_service/package.xml
[20.662s] Invoked command in '/home/knolan/ros-practice/build/my_service' returned '0': CMAKE_PREFIX_PATH=${CMAKE_PREFIX_PATH}:/opt/ros/humble /usr/bin/cmake --install /home/knolan/ros-practice/build/my_service
