[0.017s] Invoking command in '/home/knolan/ros2_ws2/build/turtlesim': CMAKE_PREFIX_PATH=/opt/ros/humble /usr/bin/cmake /home/knolan/ros2_ws2/src/ros_tutorials/turtlesim -DCMAKE_INSTALL_PREFIX=/home/knolan/ros2_ws2/install/turtlesim
[0.677s] -- The C compiler identification is GNU 11.4.0
[2.776s] -- The CXX compiler identification is GNU 11.4.0
[4.383s] -- Detecting C compiler ABI info
[4.792s] -- Detecting C compiler ABI info - done
[4.796s] -- Check for working C compiler: /usr/bin/cc - skipped
[4.797s] -- Detecting C compile features
[4.798s] -- Detecting C compile features - done
[4.802s] -- Detecting CXX compiler ABI info
[5.199s] -- Detecting CXX compiler ABI info - done
[5.203s] -- Check for working CXX compiler: /usr/bin/c++ - skipped
[5.204s] -- Detecting CXX compile features
[5.204s] -- Detecting CXX compile features - done
[5.215s] -- Found ament_cmake: 1.3.11 (/opt/ros/humble/share/ament_cmake/cmake)
[5.321s] -- Found Python3: /usr/bin/python3 (found version "3.10.12") found components: Interpreter 
[5.409s] -- Found ament_index_cpp: 1.4.0 (/opt/ros/humble/share/ament_index_cpp/cmake)
[5.412s] -- Found geometry_msgs: 4.2.4 (/opt/ros/humble/share/geometry_msgs/cmake)
[5.939s] -- Found rosidl_generator_c: 3.1.6 (/opt/ros/humble/share/rosidl_generator_c/cmake)
[5.945s] -- Found rosidl_adapter: 3.1.6 (/opt/ros/humble/share/rosidl_adapter/cmake)
[5.955s] -- Found rosidl_generator_cpp: 3.1.6 (/opt/ros/humble/share/rosidl_generator_cpp/cmake)
[5.976s] -- Using all available rosidl_typesupport_c: rosidl_typesupport_fastrtps_c;rosidl_typesupport_introspection_c
[5.998s] -- Using all available rosidl_typesupport_cpp: rosidl_typesupport_fastrtps_cpp;rosidl_typesupport_introspection_cpp
[6.440s] -- Found rclcpp: 16.0.11 (/opt/ros/humble/share/rclcpp/cmake)
[6.485s] -- Found rmw_implementation_cmake: 6.1.2 (/opt/ros/humble/share/rmw_implementation_cmake/cmake)
[6.488s] -- Found rmw_fastrtps_cpp: 6.2.7 (/opt/ros/humble/share/rmw_fastrtps_cpp/cmake)
[12.008s] -- Found OpenSSL: /usr/lib/x86_64-linux-gnu/libcrypto.so (found version "3.0.2")  
[18.465s] -- Found FastRTPS: /opt/ros/humble/include  
[30.299s] -- Using RMW implementation 'rmw_fastrtps_cpp' as default
[30.310s] -- Looking for pthread.h
[30.778s] -- Looking for pthread.h - found
[30.778s] -- Performing Test CMAKE_HAVE_LIBC_PTHREAD
[31.154s] -- Performing Test CMAKE_HAVE_LIBC_PTHREAD - Success
[31.155s] -- Found Threads: TRUE  
[31.198s] -- Found rclcpp_action: 16.0.11 (/opt/ros/humble/share/rclcpp_action/cmake)
[31.238s] -- Found rosidl_default_generators: 1.2.0 (/opt/ros/humble/share/rosidl_default_generators/cmake)
[31.249s] -- Found std_srvs: 4.2.4 (/opt/ros/humble/share/std_srvs/cmake)
[31.477s] -- Found ament_cmake_ros: 0.10.0 (/opt/ros/humble/share/ament_cmake_ros/cmake)
[31.705s] -- Using all available rosidl_typesupport_c: rosidl_typesupport_fastrtps_c;rosidl_typesupport_introspection_c
[31.798s] -- Using all available rosidl_typesupport_cpp: rosidl_typesupport_fastrtps_cpp;rosidl_typesupport_introspection_cpp
[32.317s] -- Found PythonInterp: /usr/bin/python3 (found suitable version "3.10.12", minimum required is "3.6") 
[32.322s] -- Found python_cmake_module: 0.10.0 (/opt/ros/humble/share/python_cmake_module/cmake)
[34.218s] -- Found PythonLibs: /usr/lib/x86_64-linux-gnu/libpython3.10.so (found suitable version "3.10.12", minimum required is "3.5") 
[34.218s] -- Using PYTHON_EXECUTABLE: /usr/bin/python3
[34.218s] -- Using PYTHON_INCLUDE_DIRS: /usr/include/python3.10
[34.218s] -- Using PYTHON_LIBRARIES: /usr/lib/x86_64-linux-gnu/libpython3.10.so
[34.232s] -- Found PythonExtra: .so  
[34.478s] -- Configuring done
[34.538s] -- Generating done
[34.553s] -- Build files have been written to: /home/knolan/ros2_ws2/build/turtlesim
[34.567s] Invoked command in '/home/knolan/ros2_ws2/build/turtlesim' returned '0': CMAKE_PREFIX_PATH=/opt/ros/humble /usr/bin/cmake /home/knolan/ros2_ws2/src/ros_tutorials/turtlesim -DCMAKE_INSTALL_PREFIX=/home/knolan/ros2_ws2/install/turtlesim
[34.568s] Invoking command in '/home/knolan/ros2_ws2/build/turtlesim': CMAKE_PREFIX_PATH=/opt/ros/humble /usr/bin/cmake --build /home/knolan/ros2_ws2/build/turtlesim -- -j12 -l12
[34.597s] [  1%] [34m[1mGenerating C code for ROS interfaces[0m
[34.604s] [  2%] [34m[1mGenerating C++ code for ROS interfaces[0m
[34.607s] [  2%] Built target ament_cmake_python_copy_turtlesim
[34.780s] running egg_info
[34.781s] creating turtlesim.egg-info
[34.782s] writing turtlesim.egg-info/PKG-INFO
[34.782s] writing dependency_links to turtlesim.egg-info/dependency_links.txt
[34.782s] writing top-level names to turtlesim.egg-info/top_level.txt
[34.782s] writing manifest file 'turtlesim.egg-info/SOURCES.txt'
[34.786s] reading manifest file 'turtlesim.egg-info/SOURCES.txt'
[34.787s] writing manifest file 'turtlesim.egg-info/SOURCES.txt'
[34.813s] [  2%] Built target ament_cmake_python_build_turtlesim_egg
[35.234s] [  3%] [32mBuilding C object CMakeFiles/turtlesim__rosidl_generator_c.dir/rosidl_generator_c/turtlesim/action/detail/rotate_absolute__functions.c.o[0m
[35.235s] [  4%] [32mBuilding C object CMakeFiles/turtlesim__rosidl_generator_c.dir/rosidl_generator_c/turtlesim/msg/detail/color__functions.c.o[0m
[35.235s] [  5%] [32mBuilding C object CMakeFiles/turtlesim__rosidl_generator_c.dir/rosidl_generator_c/turtlesim/srv/detail/set_pen__functions.c.o[0m
[35.235s] [  7%] [32mBuilding C object CMakeFiles/turtlesim__rosidl_generator_c.dir/rosidl_generator_c/turtlesim/msg/detail/pose__functions.c.o[0m
[35.235s] [  7%] [32mBuilding C object CMakeFiles/turtlesim__rosidl_generator_c.dir/rosidl_generator_c/turtlesim/srv/detail/kill__functions.c.o[0m
[35.237s] [  8%] [32mBuilding C object CMakeFiles/turtlesim__rosidl_generator_c.dir/rosidl_generator_c/turtlesim/srv/detail/spawn__functions.c.o[0m
[35.238s] [  9%] [32mBuilding C object CMakeFiles/turtlesim__rosidl_generator_c.dir/rosidl_generator_c/turtlesim/srv/detail/teleport_absolute__functions.c.o[0m
[35.238s] [ 10%] [32mBuilding C object CMakeFiles/turtlesim__rosidl_generator_c.dir/rosidl_generator_c/turtlesim/srv/detail/teleport_relative__functions.c.o[0m
[35.347s] [ 10%] Built target turtlesim__cpp
[35.356s] [ 12%] [34m[1mGenerating C++ type support for eProsima Fast-RTPS[0m
[35.356s] [ 12%] [34m[1mGenerating C++ type support dispatch for ROS interfaces[0m
[35.357s] [ 13%] [34m[1mGenerating C++ introspection for ROS interfaces[0m
[35.403s] [ 14%] [32m[1mLinking C shared library libturtlesim__rosidl_generator_c.so[0m
[35.803s] [ 15%] [32mBuilding CXX object CMakeFiles/turtlesim__rosidl_typesupport_cpp.dir/rosidl_typesupport_cpp/turtlesim/msg/color__type_support.cpp.o[0m
[35.804s] [ 17%] [32mBuilding CXX object CMakeFiles/turtlesim__rosidl_typesupport_cpp.dir/rosidl_typesupport_cpp/turtlesim/srv/teleport_absolute__type_support.cpp.o[0m
[35.804s] [ 17%] [32mBuilding CXX object CMakeFiles/turtlesim__rosidl_typesupport_cpp.dir/rosidl_typesupport_cpp/turtlesim/action/rotate_absolute__type_support.cpp.o[0m
[35.804s] [ 18%] [32mBuilding CXX object CMakeFiles/turtlesim__rosidl_typesupport_cpp.dir/rosidl_typesupport_cpp/turtlesim/srv/kill__type_support.cpp.o[0m
[35.805s] [ 17%] Built target turtlesim__rosidl_generator_c
[35.805s] [ 19%] [32mBuilding CXX object CMakeFiles/turtlesim__rosidl_typesupport_cpp.dir/rosidl_typesupport_cpp/turtlesim/msg/pose__type_support.cpp.o[0m
[35.805s] [ 20%] [32mBuilding CXX object CMakeFiles/turtlesim__rosidl_typesupport_cpp.dir/rosidl_typesupport_cpp/turtlesim/srv/set_pen__type_support.cpp.o[0m
[35.806s] [ 21%] [32mBuilding CXX object CMakeFiles/turtlesim__rosidl_typesupport_cpp.dir/rosidl_typesupport_cpp/turtlesim/srv/spawn__type_support.cpp.o[0m
[35.806s] [ 22%] [32mBuilding CXX object CMakeFiles/turtlesim__rosidl_typesupport_cpp.dir/rosidl_typesupport_cpp/turtlesim/srv/teleport_relative__type_support.cpp.o[0m
[35.816s] [ 23%] [34m[1mGenerating C type support for eProsima Fast-RTPS[0m
[35.817s] [ 24%] [34m[1mGenerating C introspection for ROS interfaces[0m
[36.197s] [ 25%] [32mBuilding CXX object CMakeFiles/turtlesim__rosidl_typesupport_fastrtps_cpp.dir/rosidl_typesupport_fastrtps_cpp/turtlesim/action/detail/dds_fastrtps/rotate_absolute__type_support.cpp.o[0m
[36.201s] [ 26%] [32mBuilding CXX object CMakeFiles/turtlesim__rosidl_typesupport_introspection_cpp.dir/rosidl_typesupport_introspection_cpp/turtlesim/action/detail/rotate_absolute__type_support.cpp.o[0m
[36.377s] [ 27%] [32mBuilding CXX object CMakeFiles/turtlesim__rosidl_typesupport_introspection_cpp.dir/rosidl_typesupport_introspection_cpp/turtlesim/msg/detail/color__type_support.cpp.o[0m
[36.403s] [ 28%] [32mBuilding CXX object CMakeFiles/turtlesim__rosidl_typesupport_introspection_cpp.dir/rosidl_typesupport_introspection_cpp/turtlesim/msg/detail/pose__type_support.cpp.o[0m
[36.404s] [ 29%] [32mBuilding CXX object CMakeFiles/turtlesim__rosidl_typesupport_introspection_cpp.dir/rosidl_typesupport_introspection_cpp/turtlesim/srv/detail/set_pen__type_support.cpp.o[0m
[36.405s] [ 30%] [32mBuilding CXX object CMakeFiles/turtlesim__rosidl_typesupport_introspection_cpp.dir/rosidl_typesupport_introspection_cpp/turtlesim/srv/detail/kill__type_support.cpp.o[0m
[36.420s] [ 31%] [32mBuilding CXX object CMakeFiles/turtlesim__rosidl_typesupport_introspection_cpp.dir/rosidl_typesupport_introspection_cpp/turtlesim/srv/detail/spawn__type_support.cpp.o[0m
[36.422s] [ 32%] [34m[1mGenerating C type support dispatch for ROS interfaces[0m
[36.429s] [ 33%] [32mBuilding CXX object CMakeFiles/turtlesim__rosidl_typesupport_fastrtps_cpp.dir/rosidl_typesupport_fastrtps_cpp/turtlesim/msg/detail/dds_fastrtps/color__type_support.cpp.o[0m
[36.819s] [ 34%] [32m[1mLinking CXX shared library libturtlesim__rosidl_typesupport_cpp.so[0m
[36.982s] [ 35%] [32mBuilding CXX object CMakeFiles/turtlesim__rosidl_typesupport_introspection_cpp.dir/rosidl_typesupport_introspection_cpp/turtlesim/srv/detail/teleport_absolute__type_support.cpp.o[0m
[37.021s] [ 36%] [32mBuilding CXX object CMakeFiles/turtlesim__rosidl_typesupport_introspection_cpp.dir/rosidl_typesupport_introspection_cpp/turtlesim/srv/detail/teleport_relative__type_support.cpp.o[0m
[37.028s] [ 37%] [32mBuilding CXX object CMakeFiles/turtlesim__rosidl_typesupport_fastrtps_cpp.dir/rosidl_typesupport_fastrtps_cpp/turtlesim/msg/detail/dds_fastrtps/pose__type_support.cpp.o[0m
[37.041s] [ 38%] [32mBuilding CXX object CMakeFiles/turtlesim__rosidl_typesupport_fastrtps_cpp.dir/rosidl_typesupport_fastrtps_cpp/turtlesim/srv/detail/dds_fastrtps/kill__type_support.cpp.o[0m
[37.114s] [ 39%] [32mBuilding CXX object CMakeFiles/turtlesim__rosidl_typesupport_fastrtps_cpp.dir/rosidl_typesupport_fastrtps_cpp/turtlesim/srv/detail/dds_fastrtps/set_pen__type_support.cpp.o[0m
[37.127s] [ 40%] [32mBuilding CXX object CMakeFiles/turtlesim__rosidl_typesupport_fastrtps_cpp.dir/rosidl_typesupport_fastrtps_cpp/turtlesim/srv/detail/dds_fastrtps/spawn__type_support.cpp.o[0m
[37.127s] [ 41%] [32mBuilding C object CMakeFiles/turtlesim__rosidl_typesupport_introspection_c.dir/rosidl_typesupport_introspection_c/turtlesim/action/detail/rotate_absolute__type_support.c.o[0m
[37.153s] [ 42%] [32mBuilding CXX object CMakeFiles/turtlesim__rosidl_typesupport_fastrtps_cpp.dir/rosidl_typesupport_fastrtps_cpp/turtlesim/srv/detail/dds_fastrtps/teleport_absolute__type_support.cpp.o[0m
[37.204s] [ 43%] [32mBuilding C object CMakeFiles/turtlesim__rosidl_typesupport_introspection_c.dir/rosidl_typesupport_introspection_c/turtlesim/msg/detail/color__type_support.c.o[0m
[37.254s] [ 43%] Built target turtlesim__rosidl_typesupport_cpp
[37.255s] [ 44%] [32mBuilding CXX object CMakeFiles/turtlesim__rosidl_typesupport_fastrtps_c.dir/rosidl_typesupport_fastrtps_c/turtlesim/action/detail/rotate_absolute__type_support_c.cpp.o[0m
[37.259s] [ 45%] [32mBuilding C object CMakeFiles/turtlesim__rosidl_typesupport_introspection_c.dir/rosidl_typesupport_introspection_c/turtlesim/msg/detail/pose__type_support.c.o[0m
[37.266s] [ 46%] [34m[1mGenerating include/turtlesim/moc_turtle_frame.cpp[0m
[37.268s] [ 47%] [32mBuilding CXX object CMakeFiles/turtlesim__rosidl_typesupport_fastrtps_c.dir/rosidl_typesupport_fastrtps_c/turtlesim/msg/detail/color__type_support_c.cpp.o[0m
[37.301s] [ 48%] [32mBuilding C object CMakeFiles/turtlesim__rosidl_typesupport_introspection_c.dir/rosidl_typesupport_introspection_c/turtlesim/srv/detail/kill__type_support.c.o[0m
[37.346s] [ 49%] [32mBuilding C object CMakeFiles/turtlesim__rosidl_typesupport_introspection_c.dir/rosidl_typesupport_introspection_c/turtlesim/srv/detail/set_pen__type_support.c.o[0m
[37.367s] [ 50%] [32mBuilding CXX object CMakeFiles/turtlesim__rosidl_typesupport_c.dir/rosidl_typesupport_c/turtlesim/action/rotate_absolute__type_support.cpp.o[0m
[37.397s] [ 51%] [32mBuilding C object CMakeFiles/turtlesim__rosidl_typesupport_introspection_c.dir/rosidl_typesupport_introspection_c/turtlesim/srv/detail/spawn__type_support.c.o[0m
[37.437s] [ 52%] [32mBuilding C object CMakeFiles/turtlesim__rosidl_typesupport_introspection_c.dir/rosidl_typesupport_introspection_c/turtlesim/srv/detail/teleport_absolute__type_support.c.o[0m
[37.437s] [ 53%] [32mBuilding CXX object CMakeFiles/turtlesim__rosidl_typesupport_c.dir/rosidl_typesupport_c/turtlesim/msg/color__type_support.cpp.o[0m
[37.474s] [ 54%] [32mBuilding CXX object CMakeFiles/turtlesim__rosidl_typesupport_c.dir/rosidl_typesupport_c/turtlesim/msg/pose__type_support.cpp.o[0m
[37.486s] [ 55%] [32mBuilding C object CMakeFiles/turtlesim__rosidl_typesupport_introspection_c.dir/rosidl_typesupport_introspection_c/turtlesim/srv/detail/teleport_relative__type_support.c.o[0m
[37.513s] [ 56%] [32mBuilding CXX object CMakeFiles/turtlesim__rosidl_typesupport_c.dir/rosidl_typesupport_c/turtlesim/srv/kill__type_support.cpp.o[0m
[37.539s] [ 57%] [32m[1mLinking C shared library libturtlesim__rosidl_typesupport_introspection_c.so[0m
[37.564s] [ 58%] [32mBuilding CXX object CMakeFiles/turtlesim__rosidl_typesupport_c.dir/rosidl_typesupport_c/turtlesim/srv/set_pen__type_support.cpp.o[0m
[37.564s] [ 59%] [32mBuilding CXX object CMakeFiles/turtlesim_node.dir/src/turtlesim.cpp.o[0m
[37.600s] [ 60%] [32mBuilding CXX object CMakeFiles/turtlesim_node.dir/src/turtle.cpp.o[0m
[37.603s] [ 61%] [32m[1mLinking CXX shared library libturtlesim__rosidl_typesupport_introspection_cpp.so[0m
[37.607s] [ 62%] [32mBuilding CXX object CMakeFiles/turtlesim__rosidl_typesupport_c.dir/rosidl_typesupport_c/turtlesim/srv/spawn__type_support.cpp.o[0m
[37.636s] [ 63%] [32mBuilding CXX object CMakeFiles/turtlesim__rosidl_typesupport_fastrtps_cpp.dir/rosidl_typesupport_fastrtps_cpp/turtlesim/srv/detail/dds_fastrtps/teleport_relative__type_support.cpp.o[0m
[37.647s] [ 64%] [32mBuilding CXX object CMakeFiles/turtlesim__rosidl_typesupport_c.dir/rosidl_typesupport_c/turtlesim/srv/teleport_absolute__type_support.cpp.o[0m
[37.670s] [ 65%] [32mBuilding CXX object CMakeFiles/turtlesim_node.dir/src/turtle_frame.cpp.o[0m
[37.683s] [ 66%] [32mBuilding CXX object CMakeFiles/turtlesim__rosidl_typesupport_c.dir/rosidl_typesupport_c/turtlesim/srv/teleport_relative__type_support.cpp.o[0m
[37.716s] [ 67%] [32mBuilding CXX object CMakeFiles/turtlesim_node.dir/include/turtlesim/moc_turtle_frame.cpp.o[0m
[37.728s] [ 68%] [32m[1mLinking CXX shared library libturtlesim__rosidl_typesupport_c.so[0m
[37.736s] [ 69%] [32mBuilding CXX object CMakeFiles/turtlesim__rosidl_typesupport_fastrtps_c.dir/rosidl_typesupport_fastrtps_c/turtlesim/msg/detail/pose__type_support_c.cpp.o[0m
[37.767s] [ 70%] [32mBuilding CXX object CMakeFiles/turtle_teleop_key.dir/tutorials/teleop_turtle_key.cpp.o[0m
[37.816s] [ 71%] [32mBuilding CXX object CMakeFiles/draw_square.dir/tutorials/draw_square.cpp.o[0m
[37.822s] [ 72%] [32mBuilding CXX object CMakeFiles/mimic.dir/tutorials/mimic.cpp.o[0m
[37.894s] [ 72%] Built target turtlesim__rosidl_typesupport_introspection_c
[37.904s] [ 73%] [32mBuilding CXX object CMakeFiles/turtlesim__rosidl_typesupport_fastrtps_c.dir/rosidl_typesupport_fastrtps_c/turtlesim/srv/detail/kill__type_support_c.cpp.o[0m
[38.048s] [ 73%] Built target turtlesim__rosidl_typesupport_introspection_cpp
[38.056s] [ 74%] [32mBuilding CXX object CMakeFiles/turtlesim__rosidl_typesupport_fastrtps_c.dir/rosidl_typesupport_fastrtps_c/turtlesim/srv/detail/set_pen__type_support_c.cpp.o[0m
[38.104s] [ 74%] Built target turtlesim__rosidl_typesupport_c
[38.114s] [ 75%] [32mBuilding CXX object CMakeFiles/turtlesim__rosidl_typesupport_fastrtps_c.dir/rosidl_typesupport_fastrtps_c/turtlesim/srv/detail/spawn__type_support_c.cpp.o[0m
[38.201s] [ 76%] [32mBuilding CXX object CMakeFiles/turtlesim__rosidl_typesupport_fastrtps_c.dir/rosidl_typesupport_fastrtps_c/turtlesim/srv/detail/teleport_absolute__type_support_c.cpp.o[0m
[38.312s] [ 77%] [32m[1mLinking CXX shared library libturtlesim__rosidl_typesupport_fastrtps_cpp.so[0m
[38.432s] [ 78%] [32mBuilding CXX object CMakeFiles/turtlesim__rosidl_typesupport_fastrtps_c.dir/rosidl_typesupport_fastrtps_c/turtlesim/srv/detail/teleport_relative__type_support_c.cpp.o[0m
[38.853s] [ 78%] Built target turtlesim__rosidl_typesupport_fastrtps_cpp
[38.934s] [ 79%] [32m[1mLinking CXX shared library libturtlesim__rosidl_typesupport_fastrtps_c.so[0m
[39.470s] [ 79%] Built target turtlesim__rosidl_typesupport_fastrtps_c
[39.490s] [ 79%] Built target turtlesim
[39.512s] [ 80%] [34m[1mGenerating Python code for ROS interfaces[0m
[41.566s] [ 80%] Built target turtlesim__py
[41.589s] [ 81%] [32mBuilding C object CMakeFiles/turtlesim__rosidl_generator_py.dir/rosidl_generator_py/turtlesim/msg/_pose_s.c.o[0m
[41.590s] [ 82%] [32mBuilding C object CMakeFiles/turtlesim__rosidl_generator_py.dir/rosidl_generator_py/turtlesim/msg/_color_s.c.o[0m
[41.592s] [ 83%] [32mBuilding C object CMakeFiles/turtlesim__rosidl_generator_py.dir/rosidl_generator_py/turtlesim/action/_rotate_absolute_s.c.o[0m
[41.593s] [ 84%] [32mBuilding C object CMakeFiles/turtlesim__rosidl_generator_py.dir/rosidl_generator_py/turtlesim/srv/_kill_s.c.o[0m
[41.594s] [ 85%] [32mBuilding C object CMakeFiles/turtlesim__rosidl_generator_py.dir/rosidl_generator_py/turtlesim/srv/_set_pen_s.c.o[0m
[41.889s] [ 86%] [32mBuilding C object CMakeFiles/turtlesim__rosidl_generator_py.dir/rosidl_generator_py/turtlesim/srv/_spawn_s.c.o[0m
[41.901s] [ 87%] [32mBuilding C object CMakeFiles/turtlesim__rosidl_generator_py.dir/rosidl_generator_py/turtlesim/srv/_teleport_absolute_s.c.o[0m
[41.907s] [ 88%] [32mBuilding C object CMakeFiles/turtlesim__rosidl_generator_py.dir/rosidl_generator_py/turtlesim/srv/_teleport_relative_s.c.o[0m
[42.068s] [ 89%] [32m[1mLinking C shared library rosidl_generator_py/turtlesim/libturtlesim__rosidl_generator_py.so[0m
[42.480s] [ 89%] Built target turtlesim__rosidl_generator_py
[42.507s] [ 90%] [32mBuilding C object CMakeFiles/turtlesim__rosidl_typesupport_introspection_c__pyext.dir/rosidl_generator_py/turtlesim/_turtlesim_s.ep.rosidl_typesupport_introspection_c.c.o[0m
[42.507s] [ 91%] [32mBuilding C object CMakeFiles/turtlesim__rosidl_typesupport_c__pyext.dir/rosidl_generator_py/turtlesim/_turtlesim_s.ep.rosidl_typesupport_c.c.o[0m
[42.512s] [ 92%] [32mBuilding C object CMakeFiles/turtlesim__rosidl_typesupport_fastrtps_c__pyext.dir/rosidl_generator_py/turtlesim/_turtlesim_s.ep.rosidl_typesupport_fastrtps_c.c.o[0m
[42.750s] [ 93%] [32m[1mLinking C shared library rosidl_generator_py/turtlesim/turtlesim_s__rosidl_typesupport_fastrtps_c.cpython-310-x86_64-linux-gnu.so[0m
[42.753s] [ 95%] [32m[1mLinking C shared library rosidl_generator_py/turtlesim/turtlesim_s__rosidl_typesupport_c.cpython-310-x86_64-linux-gnu.so[0m
[42.753s] [ 95%] [32m[1mLinking C shared library rosidl_generator_py/turtlesim/turtlesim_s__rosidl_typesupport_introspection_c.cpython-310-x86_64-linux-gnu.so[0m
[43.045s] [ 95%] Built target turtlesim__rosidl_typesupport_c__pyext
[43.046s] [ 95%] Built target turtlesim__rosidl_typesupport_introspection_c__pyext
[43.046s] [ 95%] Built target turtlesim__rosidl_typesupport_fastrtps_c__pyext
[47.118s] [ 96%] [32m[1mLinking CXX executable turtle_teleop_key[0m
[47.893s] [ 96%] Built target turtle_teleop_key
[50.228s] [ 97%] [32m[1mLinking CXX executable mimic[0m
[50.953s] [ 98%] [32m[1mLinking CXX executable draw_square[0m
[51.042s] [ 98%] Built target mimic
[51.887s] [ 98%] Built target draw_square
[53.504s] [100%] [32m[1mLinking CXX executable turtlesim_node[0m
[55.569s] [100%] Built target turtlesim_node
[55.579s] Invoked command in '/home/knolan/ros2_ws2/build/turtlesim' returned '0': CMAKE_PREFIX_PATH=/opt/ros/humble /usr/bin/cmake --build /home/knolan/ros2_ws2/build/turtlesim -- -j12 -l12
[55.586s] Invoking command in '/home/knolan/ros2_ws2/build/turtlesim': CMAKE_PREFIX_PATH=/opt/ros/humble /usr/bin/cmake --install /home/knolan/ros2_ws2/build/turtlesim
[55.591s] -- Install configuration: ""
[55.592s] -- Installing: /home/knolan/ros2_ws2/install/turtlesim/share/ament_index/resource_index/rosidl_interfaces/turtlesim
[55.592s] -- Installing: /home/knolan/ros2_ws2/install/turtlesim/include/turtlesim/turtlesim
[55.592s] -- Installing: /home/knolan/ros2_ws2/install/turtlesim/include/turtlesim/turtlesim/srv
[55.593s] -- Installing: /home/knolan/ros2_ws2/install/turtlesim/include/turtlesim/turtlesim/srv/kill.h
[55.593s] -- Installing: /home/knolan/ros2_ws2/install/turtlesim/include/turtlesim/turtlesim/srv/teleport_absolute.h
[55.593s] -- Installing: /home/knolan/ros2_ws2/install/turtlesim/include/turtlesim/turtlesim/srv/spawn.h
[55.593s] -- Installing: /home/knolan/ros2_ws2/install/turtlesim/include/turtlesim/turtlesim/srv/set_pen.h
[55.593s] -- Installing: /home/knolan/ros2_ws2/install/turtlesim/include/turtlesim/turtlesim/srv/detail
[55.593s] -- Installing: /home/knolan/ros2_ws2/install/turtlesim/include/turtlesim/turtlesim/srv/detail/teleport_absolute__functions.h
[55.594s] -- Installing: /home/knolan/ros2_ws2/install/turtlesim/include/turtlesim/turtlesim/srv/detail/spawn__type_support.h
[55.594s] -- Installing: /home/knolan/ros2_ws2/install/turtlesim/include/turtlesim/turtlesim/srv/detail/teleport_relative__type_support.h
[55.594s] -- Installing: /home/knolan/ros2_ws2/install/turtlesim/include/turtlesim/turtlesim/srv/detail/teleport_absolute__type_support.h
[55.594s] -- Installing: /home/knolan/ros2_ws2/install/turtlesim/include/turtlesim/turtlesim/srv/detail/set_pen__struct.h
[55.594s] -- Installing: /home/knolan/ros2_ws2/install/turtlesim/include/turtlesim/turtlesim/srv/detail/kill__struct.h
[55.594s] -- Installing: /home/knolan/ros2_ws2/install/turtlesim/include/turtlesim/turtlesim/srv/detail/teleport_relative__functions.h
[55.594s] -- Installing: /home/knolan/ros2_ws2/install/turtlesim/include/turtlesim/turtlesim/srv/detail/teleport_absolute__functions.c
[55.594s] -- Installing: /home/knolan/ros2_ws2/install/turtlesim/include/turtlesim/turtlesim/srv/detail/teleport_absolute__struct.h
[55.594s] -- Installing: /home/knolan/ros2_ws2/install/turtlesim/include/turtlesim/turtlesim/srv/detail/spawn__functions.c
[55.594s] -- Installing: /home/knolan/ros2_ws2/install/turtlesim/include/turtlesim/turtlesim/srv/detail/teleport_relative__functions.c
[55.594s] -- Installing: /home/knolan/ros2_ws2/install/turtlesim/include/turtlesim/turtlesim/srv/detail/spawn__struct.h
[55.594s] -- Installing: /home/knolan/ros2_ws2/install/turtlesim/include/turtlesim/turtlesim/srv/detail/teleport_relative__struct.h
[55.595s] -- Installing: /home/knolan/ros2_ws2/install/turtlesim/include/turtlesim/turtlesim/srv/detail/kill__functions.h
[55.595s] -- Installing: /home/knolan/ros2_ws2/install/turtlesim/include/turtlesim/turtlesim/srv/detail/kill__type_support.h
[55.595s] -- Installing: /home/knolan/ros2_ws2/install/turtlesim/include/turtlesim/turtlesim/srv/detail/set_pen__functions.c
[55.595s] -- Installing: /home/knolan/ros2_ws2/install/turtlesim/include/turtlesim/turtlesim/srv/detail/set_pen__type_support.h
[55.595s] -- Installing: /home/knolan/ros2_ws2/install/turtlesim/include/turtlesim/turtlesim/srv/detail/set_pen__functions.h
[55.595s] -- Installing: /home/knolan/ros2_ws2/install/turtlesim/include/turtlesim/turtlesim/srv/detail/spawn__functions.h
[55.595s] -- Installing: /home/knolan/ros2_ws2/install/turtlesim/include/turtlesim/turtlesim/srv/detail/kill__functions.c
[55.595s] -- Installing: /home/knolan/ros2_ws2/install/turtlesim/include/turtlesim/turtlesim/srv/teleport_relative.h
[55.595s] -- Installing: /home/knolan/ros2_ws2/install/turtlesim/include/turtlesim/turtlesim/msg
[55.595s] -- Installing: /home/knolan/ros2_ws2/install/turtlesim/include/turtlesim/turtlesim/msg/pose.h
[55.595s] -- Installing: /home/knolan/ros2_ws2/install/turtlesim/include/turtlesim/turtlesim/msg/color.h
[55.595s] -- Installing: /home/knolan/ros2_ws2/install/turtlesim/include/turtlesim/turtlesim/msg/rosidl_generator_c__visibility_control.h
[55.595s] -- Installing: /home/knolan/ros2_ws2/install/turtlesim/include/turtlesim/turtlesim/msg/detail
[55.595s] -- Installing: /home/knolan/ros2_ws2/install/turtlesim/include/turtlesim/turtlesim/msg/detail/pose__functions.h
[55.595s] -- Installing: /home/knolan/ros2_ws2/install/turtlesim/include/turtlesim/turtlesim/msg/detail/pose__struct.h
[55.595s] -- Installing: /home/knolan/ros2_ws2/install/turtlesim/include/turtlesim/turtlesim/msg/detail/color__struct.h
[55.595s] -- Installing: /home/knolan/ros2_ws2/install/turtlesim/include/turtlesim/turtlesim/msg/detail/pose__functions.c
[55.595s] -- Installing: /home/knolan/ros2_ws2/install/turtlesim/include/turtlesim/turtlesim/msg/detail/color__functions.h
[55.595s] -- Installing: /home/knolan/ros2_ws2/install/turtlesim/include/turtlesim/turtlesim/msg/detail/color__functions.c
[55.596s] -- Installing: /home/knolan/ros2_ws2/install/turtlesim/include/turtlesim/turtlesim/msg/detail/color__type_support.h
[55.596s] -- Installing: /home/knolan/ros2_ws2/install/turtlesim/include/turtlesim/turtlesim/msg/detail/pose__type_support.h
[55.596s] -- Installing: /home/knolan/ros2_ws2/install/turtlesim/include/turtlesim/turtlesim/action
[55.596s] -- Installing: /home/knolan/ros2_ws2/install/turtlesim/include/turtlesim/turtlesim/action/rotate_absolute.h
[55.596s] -- Installing: /home/knolan/ros2_ws2/install/turtlesim/include/turtlesim/turtlesim/action/detail
[55.596s] -- Installing: /home/knolan/ros2_ws2/install/turtlesim/include/turtlesim/turtlesim/action/detail/rotate_absolute__functions.c
[55.596s] -- Installing: /home/knolan/ros2_ws2/install/turtlesim/include/turtlesim/turtlesim/action/detail/rotate_absolute__type_support.h
[55.596s] -- Installing: /home/knolan/ros2_ws2/install/turtlesim/include/turtlesim/turtlesim/action/detail/rotate_absolute__functions.h
[55.596s] -- Installing: /home/knolan/ros2_ws2/install/turtlesim/include/turtlesim/turtlesim/action/detail/rotate_absolute__struct.h
[55.597s] -- Installing: /home/knolan/ros2_ws2/install/turtlesim/share/turtlesim/environment/library_path.sh
[55.597s] -- Installing: /home/knolan/ros2_ws2/install/turtlesim/share/turtlesim/environment/library_path.dsv
[55.597s] -- Installing: /home/knolan/ros2_ws2/install/turtlesim/lib/libturtlesim__rosidl_generator_c.so
[55.597s] -- Set runtime path of "/home/knolan/ros2_ws2/install/turtlesim/lib/libturtlesim__rosidl_generator_c.so" to ""
[55.597s] -- Up-to-date: /home/knolan/ros2_ws2/install/turtlesim/include/turtlesim/turtlesim
[55.597s] -- Up-to-date: /home/knolan/ros2_ws2/install/turtlesim/include/turtlesim/turtlesim/srv
[55.597s] -- Up-to-date: /home/knolan/ros2_ws2/install/turtlesim/include/turtlesim/turtlesim/srv/detail
[55.597s] -- Installing: /home/knolan/ros2_ws2/install/turtlesim/include/turtlesim/turtlesim/srv/detail/spawn__rosidl_typesupport_fastrtps_c.h
[55.597s] -- Installing: /home/knolan/ros2_ws2/install/turtlesim/include/turtlesim/turtlesim/srv/detail/teleport_relative__rosidl_typesupport_fastrtps_c.h
[55.597s] -- Installing: /home/knolan/ros2_ws2/install/turtlesim/include/turtlesim/turtlesim/srv/detail/kill__rosidl_typesupport_fastrtps_c.h
[55.597s] -- Installing: /home/knolan/ros2_ws2/install/turtlesim/include/turtlesim/turtlesim/srv/detail/teleport_absolute__rosidl_typesupport_fastrtps_c.h
[55.597s] -- Installing: /home/knolan/ros2_ws2/install/turtlesim/include/turtlesim/turtlesim/srv/detail/set_pen__rosidl_typesupport_fastrtps_c.h
[55.597s] -- Up-to-date: /home/knolan/ros2_ws2/install/turtlesim/include/turtlesim/turtlesim/msg
[55.598s] -- Installing: /home/knolan/ros2_ws2/install/turtlesim/include/turtlesim/turtlesim/msg/rosidl_typesupport_fastrtps_c__visibility_control.h
[55.598s] -- Up-to-date: /home/knolan/ros2_ws2/install/turtlesim/include/turtlesim/turtlesim/msg/detail
[55.598s] -- Installing: /home/knolan/ros2_ws2/install/turtlesim/include/turtlesim/turtlesim/msg/detail/color__rosidl_typesupport_fastrtps_c.h
[55.598s] -- Installing: /home/knolan/ros2_ws2/install/turtlesim/include/turtlesim/turtlesim/msg/detail/pose__rosidl_typesupport_fastrtps_c.h
[55.598s] -- Up-to-date: /home/knolan/ros2_ws2/install/turtlesim/include/turtlesim/turtlesim/action
[55.598s] -- Up-to-date: /home/knolan/ros2_ws2/install/turtlesim/include/turtlesim/turtlesim/action/detail
[55.598s] -- Installing: /home/knolan/ros2_ws2/install/turtlesim/include/turtlesim/turtlesim/action/detail/rotate_absolute__rosidl_typesupport_fastrtps_c.h
[55.598s] -- Installing: /home/knolan/ros2_ws2/install/turtlesim/lib/libturtlesim__rosidl_typesupport_fastrtps_c.so
[55.598s] -- Set runtime path of "/home/knolan/ros2_ws2/install/turtlesim/lib/libturtlesim__rosidl_typesupport_fastrtps_c.so" to ""
[55.598s] -- Up-to-date: /home/knolan/ros2_ws2/install/turtlesim/include/turtlesim/turtlesim
[55.598s] -- Up-to-date: /home/knolan/ros2_ws2/install/turtlesim/include/turtlesim/turtlesim/srv
[55.598s] -- Installing: /home/knolan/ros2_ws2/install/turtlesim/include/turtlesim/turtlesim/srv/teleport_relative.hpp
[55.598s] -- Installing: /home/knolan/ros2_ws2/install/turtlesim/include/turtlesim/turtlesim/srv/set_pen.hpp
[55.599s] -- Installing: /home/knolan/ros2_ws2/install/turtlesim/include/turtlesim/turtlesim/srv/teleport_absolute.hpp
[55.599s] -- Installing: /home/knolan/ros2_ws2/install/turtlesim/include/turtlesim/turtlesim/srv/spawn.hpp
[55.599s] -- Installing: /home/knolan/ros2_ws2/install/turtlesim/include/turtlesim/turtlesim/srv/kill.hpp
[55.599s] -- Up-to-date: /home/knolan/ros2_ws2/install/turtlesim/include/turtlesim/turtlesim/srv/detail
[55.599s] -- Installing: /home/knolan/ros2_ws2/install/turtlesim/include/turtlesim/turtlesim/srv/detail/teleport_relative__type_support.hpp
[55.599s] -- Installing: /home/knolan/ros2_ws2/install/turtlesim/include/turtlesim/turtlesim/srv/detail/spawn__traits.hpp
[55.599s] -- Installing: /home/knolan/ros2_ws2/install/turtlesim/include/turtlesim/turtlesim/srv/detail/spawn__builder.hpp
[55.599s] -- Installing: /home/knolan/ros2_ws2/install/turtlesim/include/turtlesim/turtlesim/srv/detail/teleport_relative__struct.hpp
[55.599s] -- Installing: /home/knolan/ros2_ws2/install/turtlesim/include/turtlesim/turtlesim/srv/detail/kill__struct.hpp
[55.599s] -- Installing: /home/knolan/ros2_ws2/install/turtlesim/include/turtlesim/turtlesim/srv/detail/set_pen__type_support.hpp
[55.599s] -- Installing: /home/knolan/ros2_ws2/install/turtlesim/include/turtlesim/turtlesim/srv/detail/teleport_absolute__builder.hpp
[55.599s] -- Installing: /home/knolan/ros2_ws2/install/turtlesim/include/turtlesim/turtlesim/srv/detail/kill__type_support.hpp
[55.599s] -- Installing: /home/knolan/ros2_ws2/install/turtlesim/include/turtlesim/turtlesim/srv/detail/teleport_absolute__traits.hpp
[55.599s] -- Installing: /home/knolan/ros2_ws2/install/turtlesim/include/turtlesim/turtlesim/srv/detail/set_pen__struct.hpp
[55.599s] -- Installing: /home/knolan/ros2_ws2/install/turtlesim/include/turtlesim/turtlesim/srv/detail/kill__traits.hpp
[55.599s] -- Installing: /home/knolan/ros2_ws2/install/turtlesim/include/turtlesim/turtlesim/srv/detail/kill__builder.hpp
[55.600s] -- Installing: /home/knolan/ros2_ws2/install/turtlesim/include/turtlesim/turtlesim/srv/detail/spawn__struct.hpp
[55.600s] -- Installing: /home/knolan/ros2_ws2/install/turtlesim/include/turtlesim/turtlesim/srv/detail/set_pen__traits.hpp
[55.600s] -- Installing: /home/knolan/ros2_ws2/install/turtlesim/include/turtlesim/turtlesim/srv/detail/teleport_relative__traits.hpp
[55.600s] -- Installing: /home/knolan/ros2_ws2/install/turtlesim/include/turtlesim/turtlesim/srv/detail/spawn__type_support.hpp
[55.600s] -- Installing: /home/knolan/ros2_ws2/install/turtlesim/include/turtlesim/turtlesim/srv/detail/teleport_absolute__type_support.hpp
[55.600s] -- Installing: /home/knolan/ros2_ws2/install/turtlesim/include/turtlesim/turtlesim/srv/detail/teleport_relative__builder.hpp
[55.601s] -- Installing: /home/knolan/ros2_ws2/install/turtlesim/include/turtlesim/turtlesim/srv/detail/teleport_absolute__struct.hpp
[55.601s] -- Installing: /home/knolan/ros2_ws2/install/turtlesim/include/turtlesim/turtlesim/srv/detail/set_pen__builder.hpp
[55.601s] -- Up-to-date: /home/knolan/ros2_ws2/install/turtlesim/include/turtlesim/turtlesim/msg
[55.601s] -- Installing: /home/knolan/ros2_ws2/install/turtlesim/include/turtlesim/turtlesim/msg/pose.hpp
[55.601s] -- Installing: /home/knolan/ros2_ws2/install/turtlesim/include/turtlesim/turtlesim/msg/rosidl_generator_cpp__visibility_control.hpp
[55.601s] -- Up-to-date: /home/knolan/ros2_ws2/install/turtlesim/include/turtlesim/turtlesim/msg/detail
[55.601s] -- Installing: /home/knolan/ros2_ws2/install/turtlesim/include/turtlesim/turtlesim/msg/detail/pose__type_support.hpp
[55.602s] -- Installing: /home/knolan/ros2_ws2/install/turtlesim/include/turtlesim/turtlesim/msg/detail/pose__traits.hpp
[55.602s] -- Installing: /home/knolan/ros2_ws2/install/turtlesim/include/turtlesim/turtlesim/msg/detail/pose__builder.hpp
[55.602s] -- Installing: /home/knolan/ros2_ws2/install/turtlesim/include/turtlesim/turtlesim/msg/detail/color__struct.hpp
[55.602s] -- Installing: /home/knolan/ros2_ws2/install/turtlesim/include/turtlesim/turtlesim/msg/detail/color__type_support.hpp
[55.602s] -- Installing: /home/knolan/ros2_ws2/install/turtlesim/include/turtlesim/turtlesim/msg/detail/color__traits.hpp
[55.602s] -- Installing: /home/knolan/ros2_ws2/install/turtlesim/include/turtlesim/turtlesim/msg/detail/pose__struct.hpp
[55.602s] -- Installing: /home/knolan/ros2_ws2/install/turtlesim/include/turtlesim/turtlesim/msg/detail/color__builder.hpp
[55.602s] -- Installing: /home/knolan/ros2_ws2/install/turtlesim/include/turtlesim/turtlesim/msg/color.hpp
[55.602s] -- Up-to-date: /home/knolan/ros2_ws2/install/turtlesim/include/turtlesim/turtlesim/action
[55.602s] -- Installing: /home/knolan/ros2_ws2/install/turtlesim/include/turtlesim/turtlesim/action/rotate_absolute.hpp
[55.602s] -- Up-to-date: /home/knolan/ros2_ws2/install/turtlesim/include/turtlesim/turtlesim/action/detail
[55.602s] -- Installing: /home/knolan/ros2_ws2/install/turtlesim/include/turtlesim/turtlesim/action/detail/rotate_absolute__traits.hpp
[55.602s] -- Installing: /home/knolan/ros2_ws2/install/turtlesim/include/turtlesim/turtlesim/action/detail/rotate_absolute__struct.hpp
[55.602s] -- Installing: /home/knolan/ros2_ws2/install/turtlesim/include/turtlesim/turtlesim/action/detail/rotate_absolute__type_support.hpp
[55.602s] -- Installing: /home/knolan/ros2_ws2/install/turtlesim/include/turtlesim/turtlesim/action/detail/rotate_absolute__builder.hpp
[55.602s] -- Up-to-date: /home/knolan/ros2_ws2/install/turtlesim/include/turtlesim/turtlesim
[55.602s] -- Up-to-date: /home/knolan/ros2_ws2/install/turtlesim/include/turtlesim/turtlesim/srv
[55.602s] -- Up-to-date: /home/knolan/ros2_ws2/install/turtlesim/include/turtlesim/turtlesim/srv/detail
[55.602s] -- Installing: /home/knolan/ros2_ws2/install/turtlesim/include/turtlesim/turtlesim/srv/detail/spawn__rosidl_typesupport_fastrtps_cpp.hpp
[55.602s] -- Installing: /home/knolan/ros2_ws2/install/turtlesim/include/turtlesim/turtlesim/srv/detail/teleport_relative__rosidl_typesupport_fastrtps_cpp.hpp
[55.602s] -- Installing: /home/knolan/ros2_ws2/install/turtlesim/include/turtlesim/turtlesim/srv/detail/teleport_absolute__rosidl_typesupport_fastrtps_cpp.hpp
[55.602s] -- Installing: /home/knolan/ros2_ws2/install/turtlesim/include/turtlesim/turtlesim/srv/detail/dds_fastrtps
[55.602s] -- Installing: /home/knolan/ros2_ws2/install/turtlesim/include/turtlesim/turtlesim/srv/detail/set_pen__rosidl_typesupport_fastrtps_cpp.hpp
[55.602s] -- Installing: /home/knolan/ros2_ws2/install/turtlesim/include/turtlesim/turtlesim/srv/detail/kill__rosidl_typesupport_fastrtps_cpp.hpp
[55.602s] -- Up-to-date: /home/knolan/ros2_ws2/install/turtlesim/include/turtlesim/turtlesim/msg
[55.602s] -- Installing: /home/knolan/ros2_ws2/install/turtlesim/include/turtlesim/turtlesim/msg/rosidl_typesupport_fastrtps_cpp__visibility_control.h
[55.602s] -- Up-to-date: /home/knolan/ros2_ws2/install/turtlesim/include/turtlesim/turtlesim/msg/detail
[55.602s] -- Installing: /home/knolan/ros2_ws2/install/turtlesim/include/turtlesim/turtlesim/msg/detail/pose__rosidl_typesupport_fastrtps_cpp.hpp
[55.602s] -- Installing: /home/knolan/ros2_ws2/install/turtlesim/include/turtlesim/turtlesim/msg/detail/dds_fastrtps
[55.602s] -- Installing: /home/knolan/ros2_ws2/install/turtlesim/include/turtlesim/turtlesim/msg/detail/color__rosidl_typesupport_fastrtps_cpp.hpp
[55.603s] -- Up-to-date: /home/knolan/ros2_ws2/install/turtlesim/include/turtlesim/turtlesim/action
[55.603s] -- Up-to-date: /home/knolan/ros2_ws2/install/turtlesim/include/turtlesim/turtlesim/action/detail
[55.603s] -- Installing: /home/knolan/ros2_ws2/install/turtlesim/include/turtlesim/turtlesim/action/detail/rotate_absolute__rosidl_typesupport_fastrtps_cpp.hpp
[55.603s] -- Installing: /home/knolan/ros2_ws2/install/turtlesim/include/turtlesim/turtlesim/action/detail/dds_fastrtps
[55.603s] -- Installing: /home/knolan/ros2_ws2/install/turtlesim/lib/libturtlesim__rosidl_typesupport_fastrtps_cpp.so
[55.603s] -- Set runtime path of "/home/knolan/ros2_ws2/install/turtlesim/lib/libturtlesim__rosidl_typesupport_fastrtps_cpp.so" to ""
[55.603s] -- Up-to-date: /home/knolan/ros2_ws2/install/turtlesim/include/turtlesim/turtlesim
[55.603s] -- Up-to-date: /home/knolan/ros2_ws2/install/turtlesim/include/turtlesim/turtlesim/srv
[55.603s] -- Up-to-date: /home/knolan/ros2_ws2/install/turtlesim/include/turtlesim/turtlesim/srv/detail
[55.603s] -- Installing: /home/knolan/ros2_ws2/install/turtlesim/include/turtlesim/turtlesim/srv/detail/set_pen__type_support.c
[55.604s] -- Installing: /home/knolan/ros2_ws2/install/turtlesim/include/turtlesim/turtlesim/srv/detail/kill__rosidl_typesupport_introspection_c.h
[55.604s] -- Installing: /home/knolan/ros2_ws2/install/turtlesim/include/turtlesim/turtlesim/srv/detail/teleport_absolute__rosidl_typesupport_introspection_c.h
[55.604s] -- Installing: /home/knolan/ros2_ws2/install/turtlesim/include/turtlesim/turtlesim/srv/detail/spawn__type_support.c
[55.604s] -- Installing: /home/knolan/ros2_ws2/install/turtlesim/include/turtlesim/turtlesim/srv/detail/set_pen__rosidl_typesupport_introspection_c.h
[55.604s] -- Installing: /home/knolan/ros2_ws2/install/turtlesim/include/turtlesim/turtlesim/srv/detail/teleport_absolute__type_support.c
[55.604s] -- Installing: /home/knolan/ros2_ws2/install/turtlesim/include/turtlesim/turtlesim/srv/detail/teleport_relative__type_support.c
[55.604s] -- Installing: /home/knolan/ros2_ws2/install/turtlesim/include/turtlesim/turtlesim/srv/detail/spawn__rosidl_typesupport_introspection_c.h
[55.604s] -- Installing: /home/knolan/ros2_ws2/install/turtlesim/include/turtlesim/turtlesim/srv/detail/teleport_relative__rosidl_typesupport_introspection_c.h
[55.604s] -- Installing: /home/knolan/ros2_ws2/install/turtlesim/include/turtlesim/turtlesim/srv/detail/kill__type_support.c
[55.604s] -- Up-to-date: /home/knolan/ros2_ws2/install/turtlesim/include/turtlesim/turtlesim/msg
[55.605s] -- Installing: /home/knolan/ros2_ws2/install/turtlesim/include/turtlesim/turtlesim/msg/rosidl_typesupport_introspection_c__visibility_control.h
[55.605s] -- Up-to-date: /home/knolan/ros2_ws2/install/turtlesim/include/turtlesim/turtlesim/msg/detail
[55.605s] -- Installing: /home/knolan/ros2_ws2/install/turtlesim/include/turtlesim/turtlesim/msg/detail/color__type_support.c
[55.605s] -- Installing: /home/knolan/ros2_ws2/install/turtlesim/include/turtlesim/turtlesim/msg/detail/pose__rosidl_typesupport_introspection_c.h
[55.605s] -- Installing: /home/knolan/ros2_ws2/install/turtlesim/include/turtlesim/turtlesim/msg/detail/color__rosidl_typesupport_introspection_c.h
[55.605s] -- Installing: /home/knolan/ros2_ws2/install/turtlesim/include/turtlesim/turtlesim/msg/detail/pose__type_support.c
[55.605s] -- Up-to-date: /home/knolan/ros2_ws2/install/turtlesim/include/turtlesim/turtlesim/action
[55.605s] -- Up-to-date: /home/knolan/ros2_ws2/install/turtlesim/include/turtlesim/turtlesim/action/detail
[55.605s] -- Installing: /home/knolan/ros2_ws2/install/turtlesim/include/turtlesim/turtlesim/action/detail/rotate_absolute__type_support.c
[55.605s] -- Installing: /home/knolan/ros2_ws2/install/turtlesim/include/turtlesim/turtlesim/action/detail/rotate_absolute__rosidl_typesupport_introspection_c.h
[55.605s] -- Installing: /home/knolan/ros2_ws2/install/turtlesim/lib/libturtlesim__rosidl_typesupport_introspection_c.so
[55.605s] -- Set runtime path of "/home/knolan/ros2_ws2/install/turtlesim/lib/libturtlesim__rosidl_typesupport_introspection_c.so" to ""
[55.605s] -- Installing: /home/knolan/ros2_ws2/install/turtlesim/lib/libturtlesim__rosidl_typesupport_c.so
[55.605s] -- Set runtime path of "/home/knolan/ros2_ws2/install/turtlesim/lib/libturtlesim__rosidl_typesupport_c.so" to ""
[55.606s] -- Up-to-date: /home/knolan/ros2_ws2/install/turtlesim/include/turtlesim/turtlesim
[55.606s] -- Up-to-date: /home/knolan/ros2_ws2/install/turtlesim/include/turtlesim/turtlesim/srv
[55.606s] -- Up-to-date: /home/knolan/ros2_ws2/install/turtlesim/include/turtlesim/turtlesim/srv/detail
[55.606s] -- Installing: /home/knolan/ros2_ws2/install/turtlesim/include/turtlesim/turtlesim/srv/detail/kill__type_support.cpp
[55.606s] -- Installing: /home/knolan/ros2_ws2/install/turtlesim/include/turtlesim/turtlesim/srv/detail/set_pen__type_support.cpp
[55.606s] -- Installing: /home/knolan/ros2_ws2/install/turtlesim/include/turtlesim/turtlesim/srv/detail/spawn__type_support.cpp
[55.606s] -- Installing: /home/knolan/ros2_ws2/install/turtlesim/include/turtlesim/turtlesim/srv/detail/teleport_relative__type_support.cpp
[55.606s] -- Installing: /home/knolan/ros2_ws2/install/turtlesim/include/turtlesim/turtlesim/srv/detail/teleport_absolute__type_support.cpp
[55.606s] -- Installing: /home/knolan/ros2_ws2/install/turtlesim/include/turtlesim/turtlesim/srv/detail/teleport_absolute__rosidl_typesupport_introspection_cpp.hpp
[55.606s] -- Installing: /home/knolan/ros2_ws2/install/turtlesim/include/turtlesim/turtlesim/srv/detail/set_pen__rosidl_typesupport_introspection_cpp.hpp
[55.606s] -- Installing: /home/knolan/ros2_ws2/install/turtlesim/include/turtlesim/turtlesim/srv/detail/kill__rosidl_typesupport_introspection_cpp.hpp
[55.606s] -- Installing: /home/knolan/ros2_ws2/install/turtlesim/include/turtlesim/turtlesim/srv/detail/spawn__rosidl_typesupport_introspection_cpp.hpp
[55.606s] -- Installing: /home/knolan/ros2_ws2/install/turtlesim/include/turtlesim/turtlesim/srv/detail/teleport_relative__rosidl_typesupport_introspection_cpp.hpp
[55.606s] -- Up-to-date: /home/knolan/ros2_ws2/install/turtlesim/include/turtlesim/turtlesim/msg
[55.606s] -- Up-to-date: /home/knolan/ros2_ws2/install/turtlesim/include/turtlesim/turtlesim/msg/detail
[55.606s] -- Installing: /home/knolan/ros2_ws2/install/turtlesim/include/turtlesim/turtlesim/msg/detail/color__rosidl_typesupport_introspection_cpp.hpp
[55.606s] -- Installing: /home/knolan/ros2_ws2/install/turtlesim/include/turtlesim/turtlesim/msg/detail/pose__rosidl_typesupport_introspection_cpp.hpp
[55.606s] -- Installing: /home/knolan/ros2_ws2/install/turtlesim/include/turtlesim/turtlesim/msg/detail/color__type_support.cpp
[55.607s] -- Installing: /home/knolan/ros2_ws2/install/turtlesim/include/turtlesim/turtlesim/msg/detail/pose__type_support.cpp
[55.607s] -- Up-to-date: /home/knolan/ros2_ws2/install/turtlesim/include/turtlesim/turtlesim/action
[55.607s] -- Up-to-date: /home/knolan/ros2_ws2/install/turtlesim/include/turtlesim/turtlesim/action/detail
[55.607s] -- Installing: /home/knolan/ros2_ws2/install/turtlesim/include/turtlesim/turtlesim/action/detail/rotate_absolute__rosidl_typesupport_introspection_cpp.hpp
[55.607s] -- Installing: /home/knolan/ros2_ws2/install/turtlesim/include/turtlesim/turtlesim/action/detail/rotate_absolute__type_support.cpp
[55.607s] -- Installing: /home/knolan/ros2_ws2/install/turtlesim/lib/libturtlesim__rosidl_typesupport_introspection_cpp.so
[55.607s] -- Set runtime path of "/home/knolan/ros2_ws2/install/turtlesim/lib/libturtlesim__rosidl_typesupport_introspection_cpp.so" to ""
[55.607s] -- Installing: /home/knolan/ros2_ws2/install/turtlesim/lib/libturtlesim__rosidl_typesupport_cpp.so
[55.607s] -- Set runtime path of "/home/knolan/ros2_ws2/install/turtlesim/lib/libturtlesim__rosidl_typesupport_cpp.so" to ""
[55.607s] -- Installing: /home/knolan/ros2_ws2/install/turtlesim/share/turtlesim/environment/pythonpath.sh
[55.607s] -- Installing: /home/knolan/ros2_ws2/install/turtlesim/share/turtlesim/environment/pythonpath.dsv
[55.608s] -- Installing: /home/knolan/ros2_ws2/install/turtlesim/local/lib/python3.10/dist-packages/turtlesim-1.4.2-py3.10.egg-info
[55.608s] -- Installing: /home/knolan/ros2_ws2/install/turtlesim/local/lib/python3.10/dist-packages/turtlesim-1.4.2-py3.10.egg-info/top_level.txt
[55.608s] -- Installing: /home/knolan/ros2_ws2/install/turtlesim/local/lib/python3.10/dist-packages/turtlesim-1.4.2-py3.10.egg-info/dependency_links.txt
[55.608s] -- Installing: /home/knolan/ros2_ws2/install/turtlesim/local/lib/python3.10/dist-packages/turtlesim-1.4.2-py3.10.egg-info/SOURCES.txt
[55.608s] -- Installing: /home/knolan/ros2_ws2/install/turtlesim/local/lib/python3.10/dist-packages/turtlesim-1.4.2-py3.10.egg-info/PKG-INFO
[55.609s] -- Installing: /home/knolan/ros2_ws2/install/turtlesim/local/lib/python3.10/dist-packages/turtlesim
[55.609s] -- Installing: /home/knolan/ros2_ws2/install/turtlesim/local/lib/python3.10/dist-packages/turtlesim/srv
[55.609s] -- Installing: /home/knolan/ros2_ws2/install/turtlesim/local/lib/python3.10/dist-packages/turtlesim/srv/_spawn.py
[55.609s] -- Installing: /home/knolan/ros2_ws2/install/turtlesim/local/lib/python3.10/dist-packages/turtlesim/srv/_spawn_s.c
[55.609s] -- Installing: /home/knolan/ros2_ws2/install/turtlesim/local/lib/python3.10/dist-packages/turtlesim/srv/_teleport_absolute_s.c
[55.609s] -- Installing: /home/knolan/ros2_ws2/install/turtlesim/local/lib/python3.10/dist-packages/turtlesim/srv/_set_pen_s.c
[55.609s] -- Installing: /home/knolan/ros2_ws2/install/turtlesim/local/lib/python3.10/dist-packages/turtlesim/srv/_teleport_relative.py
[55.609s] -- Installing: /home/knolan/ros2_ws2/install/turtlesim/local/lib/python3.10/dist-packages/turtlesim/srv/_teleport_relative_s.c
[55.609s] -- Installing: /home/knolan/ros2_ws2/install/turtlesim/local/lib/python3.10/dist-packages/turtlesim/srv/_kill_s.c
[55.609s] -- Installing: /home/knolan/ros2_ws2/install/turtlesim/local/lib/python3.10/dist-packages/turtlesim/srv/_kill.py
[55.609s] -- Installing: /home/knolan/ros2_ws2/install/turtlesim/local/lib/python3.10/dist-packages/turtlesim/srv/_set_pen.py
[55.610s] -- Installing: /home/knolan/ros2_ws2/install/turtlesim/local/lib/python3.10/dist-packages/turtlesim/srv/_teleport_absolute.py
[55.610s] -- Installing: /home/knolan/ros2_ws2/install/turtlesim/local/lib/python3.10/dist-packages/turtlesim/srv/__init__.py
[55.610s] -- Installing: /home/knolan/ros2_ws2/install/turtlesim/local/lib/python3.10/dist-packages/turtlesim/turtlesim_s__rosidl_typesupport_introspection_c.cpython-310-x86_64-linux-gnu.so
[55.610s] -- Installing: /home/knolan/ros2_ws2/install/turtlesim/local/lib/python3.10/dist-packages/turtlesim/_turtlesim_s.ep.rosidl_typesupport_c.c
[55.610s] -- Installing: /home/knolan/ros2_ws2/install/turtlesim/local/lib/python3.10/dist-packages/turtlesim/_turtlesim_s.ep.rosidl_typesupport_introspection_c.c
[55.610s] -- Installing: /home/knolan/ros2_ws2/install/turtlesim/local/lib/python3.10/dist-packages/turtlesim/_turtlesim_s.ep.rosidl_typesupport_fastrtps_c.c
[55.610s] -- Installing: /home/knolan/ros2_ws2/install/turtlesim/local/lib/python3.10/dist-packages/turtlesim/libturtlesim__rosidl_generator_py.so
[55.610s] -- Installing: /home/knolan/ros2_ws2/install/turtlesim/local/lib/python3.10/dist-packages/turtlesim/msg
[55.610s] -- Installing: /home/knolan/ros2_ws2/install/turtlesim/local/lib/python3.10/dist-packages/turtlesim/msg/_pose_s.c
[55.610s] -- Installing: /home/knolan/ros2_ws2/install/turtlesim/local/lib/python3.10/dist-packages/turtlesim/msg/_color.py
[55.610s] -- Installing: /home/knolan/ros2_ws2/install/turtlesim/local/lib/python3.10/dist-packages/turtlesim/msg/_pose.py
[55.611s] -- Installing: /home/knolan/ros2_ws2/install/turtlesim/local/lib/python3.10/dist-packages/turtlesim/msg/_color_s.c
[55.611s] -- Installing: /home/knolan/ros2_ws2/install/turtlesim/local/lib/python3.10/dist-packages/turtlesim/msg/__init__.py
[55.611s] -- Installing: /home/knolan/ros2_ws2/install/turtlesim/local/lib/python3.10/dist-packages/turtlesim/turtlesim_s__rosidl_typesupport_fastrtps_c.cpython-310-x86_64-linux-gnu.so
[55.611s] -- Installing: /home/knolan/ros2_ws2/install/turtlesim/local/lib/python3.10/dist-packages/turtlesim/turtlesim_s__rosidl_typesupport_c.cpython-310-x86_64-linux-gnu.so
[55.611s] -- Installing: /home/knolan/ros2_ws2/install/turtlesim/local/lib/python3.10/dist-packages/turtlesim/__init__.py
[55.611s] -- Installing: /home/knolan/ros2_ws2/install/turtlesim/local/lib/python3.10/dist-packages/turtlesim/action
[55.611s] -- Installing: /home/knolan/ros2_ws2/install/turtlesim/local/lib/python3.10/dist-packages/turtlesim/action/_rotate_absolute.py
[55.611s] -- Installing: /home/knolan/ros2_ws2/install/turtlesim/local/lib/python3.10/dist-packages/turtlesim/action/_rotate_absolute_s.c
[55.611s] -- Installing: /home/knolan/ros2_ws2/install/turtlesim/local/lib/python3.10/dist-packages/turtlesim/action/__init__.py
[55.650s] Listing '/home/knolan/ros2_ws2/install/turtlesim/local/lib/python3.10/dist-packages/turtlesim'...
[55.650s] Compiling '/home/knolan/ros2_ws2/install/turtlesim/local/lib/python3.10/dist-packages/turtlesim/__init__.py'...
[55.650s] Listing '/home/knolan/ros2_ws2/install/turtlesim/local/lib/python3.10/dist-packages/turtlesim/action'...
[55.651s] Compiling '/home/knolan/ros2_ws2/install/turtlesim/local/lib/python3.10/dist-packages/turtlesim/action/__init__.py'...
[55.651s] Compiling '/home/knolan/ros2_ws2/install/turtlesim/local/lib/python3.10/dist-packages/turtlesim/action/_rotate_absolute.py'...
[55.651s] Listing '/home/knolan/ros2_ws2/install/turtlesim/local/lib/python3.10/dist-packages/turtlesim/msg'...
[55.651s] Compiling '/home/knolan/ros2_ws2/install/turtlesim/local/lib/python3.10/dist-packages/turtlesim/msg/__init__.py'...
[55.651s] Compiling '/home/knolan/ros2_ws2/install/turtlesim/local/lib/python3.10/dist-packages/turtlesim/msg/_color.py'...
[55.651s] Compiling '/home/knolan/ros2_ws2/install/turtlesim/local/lib/python3.10/dist-packages/turtlesim/msg/_pose.py'...
[55.651s] Listing '/home/knolan/ros2_ws2/install/turtlesim/local/lib/python3.10/dist-packages/turtlesim/srv'...
[55.651s] Compiling '/home/knolan/ros2_ws2/install/turtlesim/local/lib/python3.10/dist-packages/turtlesim/srv/__init__.py'...
[55.651s] Compiling '/home/knolan/ros2_ws2/install/turtlesim/local/lib/python3.10/dist-packages/turtlesim/srv/_kill.py'...
[55.651s] Compiling '/home/knolan/ros2_ws2/install/turtlesim/local/lib/python3.10/dist-packages/turtlesim/srv/_set_pen.py'...
[55.651s] Compiling '/home/knolan/ros2_ws2/install/turtlesim/local/lib/python3.10/dist-packages/turtlesim/srv/_spawn.py'...
[55.651s] Compiling '/home/knolan/ros2_ws2/install/turtlesim/local/lib/python3.10/dist-packages/turtlesim/srv/_teleport_absolute.py'...
[55.651s] Compiling '/home/knolan/ros2_ws2/install/turtlesim/local/lib/python3.10/dist-packages/turtlesim/srv/_teleport_relative.py'...
[55.654s] -- Installing: /home/knolan/ros2_ws2/install/turtlesim/local/lib/python3.10/dist-packages/turtlesim/turtlesim_s__rosidl_typesupport_fastrtps_c.cpython-310-x86_64-linux-gnu.so
[55.654s] -- Set runtime path of "/home/knolan/ros2_ws2/install/turtlesim/local/lib/python3.10/dist-packages/turtlesim/turtlesim_s__rosidl_typesupport_fastrtps_c.cpython-310-x86_64-linux-gnu.so" to ""
[55.654s] -- Installing: /home/knolan/ros2_ws2/install/turtlesim/local/lib/python3.10/dist-packages/turtlesim/turtlesim_s__rosidl_typesupport_introspection_c.cpython-310-x86_64-linux-gnu.so
[55.655s] -- Set runtime path of "/home/knolan/ros2_ws2/install/turtlesim/local/lib/python3.10/dist-packages/turtlesim/turtlesim_s__rosidl_typesupport_introspection_c.cpython-310-x86_64-linux-gnu.so" to ""
[55.655s] -- Installing: /home/knolan/ros2_ws2/install/turtlesim/local/lib/python3.10/dist-packages/turtlesim/turtlesim_s__rosidl_typesupport_c.cpython-310-x86_64-linux-gnu.so
[55.655s] -- Set runtime path of "/home/knolan/ros2_ws2/install/turtlesim/local/lib/python3.10/dist-packages/turtlesim/turtlesim_s__rosidl_typesupport_c.cpython-310-x86_64-linux-gnu.so" to ""
[55.656s] -- Installing: /home/knolan/ros2_ws2/install/turtlesim/lib/libturtlesim__rosidl_generator_py.so
[55.656s] -- Set runtime path of "/home/knolan/ros2_ws2/install/turtlesim/lib/libturtlesim__rosidl_generator_py.so" to ""
[55.656s] -- Installing: /home/knolan/ros2_ws2/install/turtlesim/share/turtlesim/action/RotateAbsolute.idl
[55.656s] -- Installing: /home/knolan/ros2_ws2/install/turtlesim/share/turtlesim/msg/Color.idl
[55.656s] -- Installing: /home/knolan/ros2_ws2/install/turtlesim/share/turtlesim/msg/Pose.idl
[55.656s] -- Installing: /home/knolan/ros2_ws2/install/turtlesim/share/turtlesim/srv/Kill.idl
[55.656s] -- Installing: /home/knolan/ros2_ws2/install/turtlesim/share/turtlesim/srv/SetPen.idl
[55.656s] -- Installing: /home/knolan/ros2_ws2/install/turtlesim/share/turtlesim/srv/Spawn.idl
[55.657s] -- Installing: /home/knolan/ros2_ws2/install/turtlesim/share/turtlesim/srv/TeleportAbsolute.idl
[55.657s] -- Installing: /home/knolan/ros2_ws2/install/turtlesim/share/turtlesim/srv/TeleportRelative.idl
[55.657s] -- Installing: /home/knolan/ros2_ws2/install/turtlesim/share/turtlesim/action/RotateAbsolute.action
[55.657s] -- Installing: /home/knolan/ros2_ws2/install/turtlesim/share/turtlesim/msg/Color.msg
[55.657s] -- Installing: /home/knolan/ros2_ws2/install/turtlesim/share/turtlesim/msg/Pose.msg
[55.657s] -- Installing: /home/knolan/ros2_ws2/install/turtlesim/share/turtlesim/srv/Kill.srv
[55.657s] -- Installing: /home/knolan/ros2_ws2/install/turtlesim/share/turtlesim/srv/Kill_Request.msg
[55.657s] -- Installing: /home/knolan/ros2_ws2/install/turtlesim/share/turtlesim/srv/Kill_Response.msg
[55.657s] -- Installing: /home/knolan/ros2_ws2/install/turtlesim/share/turtlesim/srv/SetPen.srv
[55.657s] -- Installing: /home/knolan/ros2_ws2/install/turtlesim/share/turtlesim/srv/SetPen_Request.msg
[55.657s] -- Installing: /home/knolan/ros2_ws2/install/turtlesim/share/turtlesim/srv/SetPen_Response.msg
[55.657s] -- Installing: /home/knolan/ros2_ws2/install/turtlesim/share/turtlesim/srv/Spawn.srv
[55.657s] -- Installing: /home/knolan/ros2_ws2/install/turtlesim/share/turtlesim/srv/Spawn_Request.msg
[55.658s] -- Installing: /home/knolan/ros2_ws2/install/turtlesim/share/turtlesim/srv/Spawn_Response.msg
[55.658s] -- Installing: /home/knolan/ros2_ws2/install/turtlesim/share/turtlesim/srv/TeleportAbsolute.srv
[55.658s] -- Installing: /home/knolan/ros2_ws2/install/turtlesim/share/turtlesim/srv/TeleportAbsolute_Request.msg
[55.658s] -- Installing: /home/knolan/ros2_ws2/install/turtlesim/share/turtlesim/srv/TeleportAbsolute_Response.msg
[55.658s] -- Installing: /home/knolan/ros2_ws2/install/turtlesim/share/turtlesim/srv/TeleportRelative.srv
[55.658s] -- Installing: /home/knolan/ros2_ws2/install/turtlesim/share/turtlesim/srv/TeleportRelative_Request.msg
[55.658s] -- Installing: /home/knolan/ros2_ws2/install/turtlesim/share/turtlesim/srv/TeleportRelative_Response.msg
[55.658s] -- Installing: /home/knolan/ros2_ws2/install/turtlesim/lib/turtlesim/turtlesim_node
[55.664s] -- Set runtime path of "/home/knolan/ros2_ws2/install/turtlesim/lib/turtlesim/turtlesim_node" to ""
[55.664s] -- Installing: /home/knolan/ros2_ws2/install/turtlesim/lib/turtlesim/turtle_teleop_key
[55.665s] -- Set runtime path of "/home/knolan/ros2_ws2/install/turtlesim/lib/turtlesim/turtle_teleop_key" to ""
[55.665s] -- Installing: /home/knolan/ros2_ws2/install/turtlesim/lib/turtlesim/draw_square
[55.668s] -- Set runtime path of "/home/knolan/ros2_ws2/install/turtlesim/lib/turtlesim/draw_square" to ""
[55.668s] -- Installing: /home/knolan/ros2_ws2/install/turtlesim/lib/turtlesim/mimic
[55.670s] -- Set runtime path of "/home/knolan/ros2_ws2/install/turtlesim/lib/turtlesim/mimic" to ""
[55.670s] -- Installing: /home/knolan/ros2_ws2/install/turtlesim/share/turtlesim/images
[55.670s] -- Installing: /home/knolan/ros2_ws2/install/turtlesim/share/turtlesim/images/humble.png
[55.671s] -- Installing: /home/knolan/ros2_ws2/install/turtlesim/share/turtlesim/images/bouncy.png
[55.671s] -- Installing: /home/knolan/ros2_ws2/install/turtlesim/share/turtlesim/images/dashing.png
[55.671s] -- Installing: /home/knolan/ros2_ws2/install/turtlesim/share/turtlesim/images/ardent.png
[55.672s] -- Installing: /home/knolan/ros2_ws2/install/turtlesim/share/turtlesim/images/foxy.png
[55.672s] -- Installing: /home/knolan/ros2_ws2/install/turtlesim/share/turtlesim/images/rolling.png
[55.672s] -- Installing: /home/knolan/ros2_ws2/install/turtlesim/share/turtlesim/images/crystal.png
[55.673s] -- Installing: /home/knolan/ros2_ws2/install/turtlesim/share/turtlesim/images/eloquent.png
[55.674s] -- Installing: /home/knolan/ros2_ws2/install/turtlesim/share/turtlesim/images/galactic.png
[55.674s] -- Installing: /home/knolan/ros2_ws2/install/turtlesim/share/turtlesim/launch
[55.674s] -- Installing: /home/knolan/ros2_ws2/install/turtlesim/share/turtlesim/launch/multisim.launch.py
[55.676s] -- Installing: /home/knolan/ros2_ws2/install/turtlesim/share/ament_index/resource_index/package_run_dependencies/turtlesim
[55.676s] -- Installing: /home/knolan/ros2_ws2/install/turtlesim/share/ament_index/resource_index/parent_prefix_path/turtlesim
[55.676s] -- Installing: /home/knolan/ros2_ws2/install/turtlesim/share/turtlesim/environment/ament_prefix_path.sh
[55.676s] -- Installing: /home/knolan/ros2_ws2/install/turtlesim/share/turtlesim/environment/ament_prefix_path.dsv
[55.676s] -- Installing: /home/knolan/ros2_ws2/install/turtlesim/share/turtlesim/environment/path.sh
[55.676s] -- Installing: /home/knolan/ros2_ws2/install/turtlesim/share/turtlesim/environment/path.dsv
[55.677s] -- Installing: /home/knolan/ros2_ws2/install/turtlesim/share/turtlesim/local_setup.bash
[55.677s] -- Installing: /home/knolan/ros2_ws2/install/turtlesim/share/turtlesim/local_setup.sh
[55.677s] -- Installing: /home/knolan/ros2_ws2/install/turtlesim/share/turtlesim/local_setup.zsh
[55.677s] -- Installing: /home/knolan/ros2_ws2/install/turtlesim/share/turtlesim/local_setup.dsv
[55.677s] -- Installing: /home/knolan/ros2_ws2/install/turtlesim/share/turtlesim/package.dsv
[55.677s] -- Installing: /home/knolan/ros2_ws2/install/turtlesim/share/ament_index/resource_index/packages/turtlesim
[55.677s] -- Installing: /home/knolan/ros2_ws2/install/turtlesim/share/turtlesim/cmake/export_turtlesim__rosidl_generator_cExport.cmake
[55.677s] -- Installing: /home/knolan/ros2_ws2/install/turtlesim/share/turtlesim/cmake/export_turtlesim__rosidl_generator_cExport-noconfig.cmake
[55.677s] -- Installing: /home/knolan/ros2_ws2/install/turtlesim/share/turtlesim/cmake/export_turtlesim__rosidl_typesupport_fastrtps_cExport.cmake
[55.678s] -- Installing: /home/knolan/ros2_ws2/install/turtlesim/share/turtlesim/cmake/export_turtlesim__rosidl_typesupport_fastrtps_cExport-noconfig.cmake
[55.678s] -- Installing: /home/knolan/ros2_ws2/install/turtlesim/share/turtlesim/cmake/export_turtlesim__rosidl_generator_cppExport.cmake
[55.678s] -- Installing: /home/knolan/ros2_ws2/install/turtlesim/share/turtlesim/cmake/export_turtlesim__rosidl_typesupport_fastrtps_cppExport.cmake
[55.678s] -- Installing: /home/knolan/ros2_ws2/install/turtlesim/share/turtlesim/cmake/export_turtlesim__rosidl_typesupport_fastrtps_cppExport-noconfig.cmake
[55.678s] -- Installing: /home/knolan/ros2_ws2/install/turtlesim/share/turtlesim/cmake/turtlesim__rosidl_typesupport_introspection_cExport.cmake
[55.678s] -- Installing: /home/knolan/ros2_ws2/install/turtlesim/share/turtlesim/cmake/turtlesim__rosidl_typesupport_introspection_cExport-noconfig.cmake
[55.678s] -- Installing: /home/knolan/ros2_ws2/install/turtlesim/share/turtlesim/cmake/turtlesim__rosidl_typesupport_cExport.cmake
[55.678s] -- Installing: /home/knolan/ros2_ws2/install/turtlesim/share/turtlesim/cmake/turtlesim__rosidl_typesupport_cExport-noconfig.cmake
[55.678s] -- Installing: /home/knolan/ros2_ws2/install/turtlesim/share/turtlesim/cmake/turtlesim__rosidl_typesupport_introspection_cppExport.cmake
[55.678s] -- Installing: /home/knolan/ros2_ws2/install/turtlesim/share/turtlesim/cmake/turtlesim__rosidl_typesupport_introspection_cppExport-noconfig.cmake
[55.678s] -- Installing: /home/knolan/ros2_ws2/install/turtlesim/share/turtlesim/cmake/turtlesim__rosidl_typesupport_cppExport.cmake
[55.679s] -- Installing: /home/knolan/ros2_ws2/install/turtlesim/share/turtlesim/cmake/turtlesim__rosidl_typesupport_cppExport-noconfig.cmake
[55.679s] -- Installing: /home/knolan/ros2_ws2/install/turtlesim/share/turtlesim/cmake/export_turtlesim__rosidl_generator_pyExport.cmake
[55.679s] -- Installing: /home/knolan/ros2_ws2/install/turtlesim/share/turtlesim/cmake/export_turtlesim__rosidl_generator_pyExport-noconfig.cmake
[55.679s] -- Installing: /home/knolan/ros2_ws2/install/turtlesim/share/turtlesim/cmake/rosidl_cmake-extras.cmake
[55.679s] -- Installing: /home/knolan/ros2_ws2/install/turtlesim/share/turtlesim/cmake/ament_cmake_export_dependencies-extras.cmake
[55.680s] -- Installing: /home/knolan/ros2_ws2/install/turtlesim/share/turtlesim/cmake/ament_cmake_export_include_directories-extras.cmake
[55.680s] -- Installing: /home/knolan/ros2_ws2/install/turtlesim/share/turtlesim/cmake/ament_cmake_export_libraries-extras.cmake
[55.680s] -- Installing: /home/knolan/ros2_ws2/install/turtlesim/share/turtlesim/cmake/ament_cmake_export_targets-extras.cmake
[55.680s] -- Installing: /home/knolan/ros2_ws2/install/turtlesim/share/turtlesim/cmake/rosidl_cmake_export_typesupport_targets-extras.cmake
[55.680s] -- Installing: /home/knolan/ros2_ws2/install/turtlesim/share/turtlesim/cmake/rosidl_cmake_export_typesupport_libraries-extras.cmake
[55.680s] -- Installing: /home/knolan/ros2_ws2/install/turtlesim/share/turtlesim/cmake/turtlesimConfig.cmake
[55.680s] -- Installing: /home/knolan/ros2_ws2/install/turtlesim/share/turtlesim/cmake/turtlesimConfig-version.cmake
[55.681s] -- Installing: /home/knolan/ros2_ws2/install/turtlesim/share/turtlesim/package.xml
[55.683s] Invoked command in '/home/knolan/ros2_ws2/build/turtlesim' returned '0': CMAKE_PREFIX_PATH=/opt/ros/humble /usr/bin/cmake --install /home/knolan/ros2_ws2/build/turtlesim
