[0.010s] Invoking command in '/home/knolan/ros-practice/build/my_service': CMAKE_PREFIX_PATH=${CMAKE_PREFIX_PATH}:/opt/ros/humble /usr/bin/cmake /home/knolan/ros-practice/src/my_service -DCMAKE_INSTALL_PREFIX=/home/knolan/ros-practice/install/my_service
[0.017s] -- Found ament_cmake: 1.3.11 (/opt/ros/humble/share/ament_cmake/cmake)
[0.099s] -- Found rclcpp: 16.0.11 (/opt/ros/humble/share/rclcpp/cmake)
[0.519s] -- Found rosidl_generator_c: 3.1.6 (/opt/ros/humble/share/rosidl_generator_c/cmake)
[0.521s] -- Found rosidl_adapter: 3.1.6 (/opt/ros/humble/share/rosidl_adapter/cmake)
[0.525s] -- Found rosidl_generator_cpp: 3.1.6 (/opt/ros/humble/share/rosidl_generator_cpp/cmake)
[0.531s] -- Using all available rosidl_typesupport_c: rosidl_typesupport_fastrtps_c;rosidl_typesupport_introspection_c
[0.540s] -- Using all available rosidl_typesupport_cpp: rosidl_typesupport_fastrtps_cpp;rosidl_typesupport_introspection_cpp
[0.560s] -- Found rmw_implementation_cmake: 6.1.2 (/opt/ros/humble/share/rmw_implementation_cmake/cmake)
[0.561s] -- Found rmw_fastrtps_cpp: 6.2.7 (/opt/ros/humble/share/rmw_fastrtps_cpp/cmake)
[18.307s] -- Using RMW implementation 'rmw_fastrtps_cpp' as default
[18.339s] -- Found example_interfaces: 0.9.3 (/opt/ros/humble/share/example_interfaces/cmake)
[18.401s] [31mCMake Error at /opt/ros/humble/share/ament_cmake_core/cmake/core/ament_package_xml.cmake:53 (message):
[18.401s]   ament_package_xml() package name 'my_service' in '/package.xml' does not
[18.401s]   match current PROJECT_NAME 'cpp_srvcli'.  You must call project() with the
[18.401s]   same package name before.
[18.401s] Call Stack (most recent call first):
[18.401s]   /opt/ros/humble/share/ament_cmake_core/cmake/core/ament_package.cmake:63 (ament_package_xml)
[18.401s]   CMakeLists.txt:19 (ament_package)
[18.401s] 
[18.401s] [0m
[18.402s] -- Configuring incomplete, errors occurred!
[18.402s] See also "/home/knolan/ros-practice/build/my_service/CMakeFiles/CMakeOutput.log".
[18.407s] Invoked command in '/home/knolan/ros-practice/build/my_service' returned '1': CMAKE_PREFIX_PATH=${CMAKE_PREFIX_PATH}:/opt/ros/humble /usr/bin/cmake /home/knolan/ros-practice/src/my_service -DCMAKE_INSTALL_PREFIX=/home/knolan/ros-practice/install/my_service
